[2019-08-20 09:11:11,659]   INFO - r.maven.remote.MavenServerImpl - Starting maven server with following arguments: [teamcity-mavenServer] 
[2019-08-20 09:11:11,884]   INFO - r.maven.remote.MavenServerImpl - Successfully created registry using port [54799] 
[2019-08-20 09:11:11,884]   INFO - r.maven.remote.MavenServerImpl - Successfully bound Maven Server to name: [teamcity-mavenServer] 
[2019-08-20 09:11:11,886]   INFO - r.maven.remote.MavenServerImpl - using name of running JVM: [215@8b5a8bb9f859] 
[2019-08-20 09:11:11,886]   INFO - r.maven.remote.MavenServerImpl - Printed following string to output: [215/54799] 
[2019-08-20 12:05:31,638]   INFO - r.maven.remote.MavenServerImpl - Shutting down. Reason [MavenEmbedderFactory shutdown called in thread [TC: 12:05:30 Processing 99 listeners for serverShutdown; 12:05:30 Stage: TeamCity server is shutting down; TeamCity Server (version 2019.1.2 build 66342 started 2019-08-20 09:02:51.104), node id: MAIN_SERVER]] 
[2019-08-20 12:05:31,639]   INFO - r.maven.remote.MavenServerImpl - Shutdown sequence complete 
[2019-08-20 12:05:31,640]   INFO - r.maven.remote.MavenServerImpl - The JVM is shutting down. 
[2019-08-20 14:04:56,078]   INFO - r.maven.remote.MavenServerImpl - Starting maven server with following arguments: [teamcity-mavenServer] 
[2019-08-20 14:04:56,285]   INFO - r.maven.remote.MavenServerImpl - Successfully created registry using port [56460] 
[2019-08-20 14:04:56,285]   INFO - r.maven.remote.MavenServerImpl - Successfully bound Maven Server to name: [teamcity-mavenServer] 
[2019-08-20 14:04:56,286]   INFO - r.maven.remote.MavenServerImpl - using name of running JVM: [217@eb395d284eb2] 
[2019-08-20 14:04:56,287]   INFO - r.maven.remote.MavenServerImpl - Printed following string to output: [217/56460] 
[2019-08-20 14:37:46,644]   INFO - r.maven.remote.MavenServerImpl - Shutting down. Reason [MavenEmbedderFactory shutdown called in thread [TC: 14:37:45 Processing 99 listeners for serverShutdown; 14:37:45 Stage: TeamCity server is shutting down; TeamCity Server (version 2019.1.2 build 66342 started 2019-08-20 14:04:28.322), node id: MAIN_SERVER]] 
[2019-08-20 14:37:46,645]   INFO - r.maven.remote.MavenServerImpl - Shutdown sequence complete 
[2019-08-20 14:37:46,646]   INFO - r.maven.remote.MavenServerImpl - The JVM is shutting down. 
[2019-08-20 14:39:53,335]   INFO - r.maven.remote.MavenServerImpl - Starting maven server with following arguments: [teamcity-mavenServer] 
[2019-08-20 14:39:53,470]   INFO - r.maven.remote.MavenServerImpl - Successfully created registry using port [59654] 
[2019-08-20 14:39:53,474]   INFO - r.maven.remote.MavenServerImpl - Successfully bound Maven Server to name: [teamcity-mavenServer] 
[2019-08-20 14:39:53,476]   INFO - r.maven.remote.MavenServerImpl - using name of running JVM: [222@8191fe5ef5c8] 
[2019-08-20 14:39:53,476]   INFO - r.maven.remote.MavenServerImpl - Printed following string to output: [222/59654] 
[2019-08-28 13:41:45,915]   INFO - r.maven.remote.MavenServerImpl - Starting maven server with following arguments: [teamcity-mavenServer] 
[2019-08-28 13:41:46,247]   INFO - r.maven.remote.MavenServerImpl - Successfully created registry using port [53999] 
[2019-08-28 13:41:46,247]   INFO - r.maven.remote.MavenServerImpl - Successfully bound Maven Server to name: [teamcity-mavenServer] 
[2019-08-28 13:41:46,249]   INFO - r.maven.remote.MavenServerImpl - using name of running JVM: [218@af446d15344c] 
[2019-08-28 13:41:46,249]   INFO - r.maven.remote.MavenServerImpl - Printed following string to output: [218/53999] 
[2019-08-28 14:06:11,660]   INFO - r.maven.remote.MavenServerImpl - Shutting down. Reason [MavenEmbedderFactory shutdown called in thread [TC: 14:06:10 Processing 99 listeners for serverShutdown; 14:06:10 Stage: TeamCity server is shutting down; TeamCity Server (version 2019.1.2 build 66342 started 2019-08-28 13:41:22.593), node id: MAIN_SERVER]] 
[2019-08-28 14:06:11,661]   INFO - r.maven.remote.MavenServerImpl - Shutdown sequence complete 
[2019-08-28 14:06:11,662]   INFO - r.maven.remote.MavenServerImpl - The JVM is shutting down. 
[2019-08-28 14:09:59,923]   INFO - r.maven.remote.MavenServerImpl - Starting maven server with following arguments: [teamcity-mavenServer] 
[2019-08-28 14:10:00,201]   INFO - r.maven.remote.MavenServerImpl - Successfully created registry using port [58786] 
[2019-08-28 14:10:00,201]   INFO - r.maven.remote.MavenServerImpl - Successfully bound Maven Server to name: [teamcity-mavenServer] 
[2019-08-28 14:10:00,202]   INFO - r.maven.remote.MavenServerImpl - using name of running JVM: [222@c890efae1955] 
[2019-08-28 14:10:00,203]   INFO - r.maven.remote.MavenServerImpl - Printed following string to output: [222/58786] 
[2019-08-28 14:23:32,844]   INFO - r.maven.remote.MavenServerImpl - Shutting down. Reason [MavenEmbedderFactory shutdown called in thread [TC: 14:23:31 Processing 99 listeners for serverShutdown; 14:23:31 Stage: TeamCity server is shutting down; TeamCity Server (version 2019.1.2 build 66342 started 2019-08-28 14:09:24.463), node id: MAIN_SERVER]] 
[2019-08-28 14:23:32,845]   INFO - r.maven.remote.MavenServerImpl - Shutdown sequence complete 
[2019-08-28 14:23:32,846]   INFO - r.maven.remote.MavenServerImpl - The JVM is shutting down. 
[2019-08-28 14:25:39,620]   INFO - r.maven.remote.MavenServerImpl - Starting maven server with following arguments: [teamcity-mavenServer] 
[2019-08-28 14:25:39,900]   INFO - r.maven.remote.MavenServerImpl - Successfully created registry using port [57861] 
[2019-08-28 14:25:39,900]   INFO - r.maven.remote.MavenServerImpl - Successfully bound Maven Server to name: [teamcity-mavenServer] 
[2019-08-28 14:25:39,902]   INFO - r.maven.remote.MavenServerImpl - using name of running JVM: [220@8d976bbc8f8c] 
[2019-08-28 14:25:39,902]   INFO - r.maven.remote.MavenServerImpl - Printed following string to output: [220/57861] 
