[2019-08-20 09:11:24,943]   INFO -  jetbrains.buildServer.CLEANUP - Max cleanup duration is set to 0 seconds
[2019-08-20 09:11:24,962]   INFO -  jetbrains.buildServer.CLEANUP - Cleanup time has been set to 3:00 daily
[2019-08-20 09:11:24,980]   INFO -  jetbrains.buildServer.CLEANUP - The next cleanup time is 2019-08-21 03:00:00.000
[2019-08-20 09:11:24,980]   INFO -  jetbrains.buildServer.CLEANUP - Cleanup is enabled
[2019-08-20 14:05:04,834]   INFO -  jetbrains.buildServer.CLEANUP - Max cleanup duration is set to 0 seconds
[2019-08-20 14:05:04,854]   INFO -  jetbrains.buildServer.CLEANUP - Cleanup time has been set to 3:00 daily
[2019-08-20 14:05:04,859]   INFO -  jetbrains.buildServer.CLEANUP - The next cleanup time is 2019-08-21 03:00:00.000
[2019-08-20 14:05:04,859]   INFO -  jetbrains.buildServer.CLEANUP - Cleanup is enabled
[2019-08-20 14:40:01,969]   INFO -  jetbrains.buildServer.CLEANUP - Max cleanup duration is set to 0 seconds
[2019-08-20 14:40:01,973]   INFO -  jetbrains.buildServer.CLEANUP - Cleanup time has been set to 3:00 daily
[2019-08-20 14:40:01,982]   INFO -  jetbrains.buildServer.CLEANUP - The next cleanup time is 2019-08-21 03:00:00.000
[2019-08-20 14:40:01,982]   INFO -  jetbrains.buildServer.CLEANUP - Cleanup is enabled
[2019-08-20 20:39:28,918]   INFO -  jetbrains.buildServer.CLEANUP - Removed 1 multi-node tasks finished before 2019-08-20 12:39:28.917
[2019-08-20 22:39:28,918]   INFO -  jetbrains.buildServer.CLEANUP - Removed 3 multi-node tasks finished before 2019-08-20 14:39:28.917
[2019-08-21 02:00:00,001]   INFO -  jetbrains.buildServer.CLEANUP - Git cleanup started
[2019-08-21 02:00:00,433]   INFO -  jetbrains.buildServer.CLEANUP - Use git at path 'git'
[2019-08-21 02:00:00,433]   INFO -  jetbrains.buildServer.CLEANUP - Git garbage collection started
[2019-08-21 02:00:00,434]   INFO -  jetbrains.buildServer.CLEANUP - [git-A4D3E6C2.git] repository url: 'https://silentua@github.com/silent-ua/GitDevOps03.git'
[2019-08-21 02:00:00,434]   INFO -  jetbrains.buildServer.CLEANUP - [git-A4D3E6C2.git] no git gc is needed
[2019-08-21 02:00:00,434]   INFO -  jetbrains.buildServer.CLEANUP - Git garbage collection finished, it took 326ms
[2019-08-21 02:00:00,434]   INFO -  jetbrains.buildServer.CLEANUP - Git cleanup finished
[2019-08-21 03:00:00,002]   INFO -  jetbrains.buildServer.CLEANUP - Trying to get lock for the maintenance process...
[2019-08-21 03:00:00,002]   INFO -  jetbrains.buildServer.CLEANUP - Lock for the maintenance process obtained
[2019-08-21 03:00:00,006]   INFO -  jetbrains.buildServer.CLEANUP - The next cleanup time is 2019-08-22 03:00:00.000
[2019-08-21 03:00:00,022]   INFO -  jetbrains.buildServer.CLEANUP - Preparing for clean-up...
[2019-08-21 03:00:00,055]   INFO -  jetbrains.buildServer.CLEANUP - Clean-up started...
[2019-08-21 03:00:00,078]   INFO -  jetbrains.buildServer.CLEANUP - Collecting builds depending on other builds by specific build number ...
[2019-08-21 03:00:00,300]   INFO -  jetbrains.buildServer.CLEANUP - Collecting builds depending on other builds by sources or artifacts...
[2019-08-21 03:00:00,303]   INFO -  jetbrains.buildServer.CLEANUP - Done collecting depending builds for each cleanup level
[2019-08-21 03:00:00,303]   INFO -  jetbrains.buildServer.CLEANUP - Collecting builds for cleanup for each cleanup level...
[2019-08-21 03:00:00,313]   INFO -  jetbrains.buildServer.CLEANUP - Collected builds for 1 build configurations
[2019-08-21 03:00:00,324]   INFO -  jetbrains.buildServer.CLEANUP - Start compacting HSQL database...
[2019-08-21 03:00:00,819]   INFO -  jetbrains.buildServer.CLEANUP - Compacting HSQL database finished
[2019-08-21 03:00:00,871]   INFO -  jetbrains.buildServer.CLEANUP - Start processing 31 afterCleanup extensions
[2019-08-21 03:00:00,871]   INFO -  jetbrains.buildServer.CLEANUP - 	Executing afterCleanup extension (1 of 31): jetbrains.buildServer.artifacts.s3.cleanup.S3CleanupExtension
[2019-08-21 03:00:00,872]   INFO -  jetbrains.buildServer.CLEANUP - 	Executing afterCleanup extension (2 of 31): jetbrains.buildServer.serverSide.statistics.diskusage.DiskUsageSListener$PinnedBuildsCollector
[2019-08-21 03:00:00,872]   INFO -  jetbrains.buildServer.CLEANUP - 	Executing afterCleanup extension (3 of 31): jetbrains.buildServer.serverSide.impl.cleanup.extensions.BackgroundBuildDataCleanerImpl
[2019-08-21 03:00:00,873]   INFO -  jetbrains.buildServer.CLEANUP - 		Cleaning data from the build-related tables which does not belong to 1 existing builds
[2019-08-21 03:00:00,876]   INFO -  jetbrains.buildServer.CLEANUP - 	Executing afterCleanup extension (4 of 31): jetbrains.buildServer.buildTriggers.vcs.clearcase.structure.ClearCaseStructureCache$ClearcaseCacheGeneralDataCleaner
[2019-08-21 03:00:00,876]   INFO -  jetbrains.buildServer.CLEANUP - 	Executing afterCleanup extension (5 of 31): jetbrains.buildServer.runner.codeInspection.InspectionDataCleaner
[2019-08-21 03:00:00,883]   INFO -  jetbrains.buildServer.CLEANUP - 	Executing afterCleanup extension (6 of 31): jetbrains.buildServer.swabra.serverHealth.SwabraCleanCheckoutWatcherImpl$2
[2019-08-21 03:00:00,884]   INFO -  jetbrains.buildServer.CLEANUP - 	Executing afterCleanup extension (7 of 31): org.jetbrains.teamcity.docker.cleanup.PushedImagesRegistryCleaner
[2019-08-21 03:00:00,884]   INFO -  jetbrains.buildServer.CLEANUP - 	Executing afterCleanup extension (8 of 31): jetbrains.buildServer.duplicator.DuplicatesDataCleaner
[2019-08-21 03:00:00,885]   INFO -  jetbrains.buildServer.CLEANUP - 	Executing afterCleanup extension (9 of 31): jetbrains.buildServer.serverSide.CustomDataStorageManagerImpl
[2019-08-21 03:00:00,885]   INFO -  jetbrains.buildServer.CLEANUP - 	Executing afterCleanup extension (10 of 31): jetbrains.buildServer.serverSide.TestName2IndexImpl
[2019-08-21 03:00:00,920]   INFO -  jetbrains.buildServer.CLEANUP - 		Start cleaning unused test names ...
[2019-08-21 03:00:00,927]   INFO -  jetbrains.buildServer.CLEANUP - 	Executing afterCleanup extension (11 of 31): jetbrains.buildServer.serverSide.impl.artifacts.ExternalBuildArtifactsCacheImpl
[2019-08-21 03:00:00,927]   INFO -  jetbrains.buildServer.CLEANUP - 	Executing afterCleanup extension (12 of 31): jetbrains.buildServer.serverSide.impl.cleanup.extensions.BuildArtifactsCleaner
[2019-08-21 03:00:00,927]   INFO -  jetbrains.buildServer.CLEANUP - 	Executing afterCleanup extension (13 of 31): jetbrains.buildServer.serverSide.impl.cleanup.extensions.ObsoleteFilesCleaner
[2019-08-21 03:00:00,927]   INFO -  jetbrains.buildServer.CLEANUP - 	Executing afterCleanup extension (14 of 31): jetbrains.buildServer.serverSide.identifiers.ProjectIdentifiersManagerImpl
[2019-08-21 03:00:00,927]   INFO -  jetbrains.buildServer.CLEANUP - 	Executing afterCleanup extension (15 of 31): jetbrains.buildServer.serverSide.impl.personal.PersonalBuildCleaner
[2019-08-21 03:00:00,929]   INFO -  jetbrains.buildServer.CLEANUP - Searching for obsolete log files (not used by any build) under build logs directory: /data/teamcity_server/datadir/system/messages
[2019-08-21 03:00:00,929]   INFO -  jetbrains.buildServer.CLEANUP - Cannot find obsolete build log directories in old format
[2019-08-21 03:00:00,930]   INFO -  jetbrains.buildServer.CLEANUP - Searching for obsolete artifact directories (not used by any build) under directories: [/data/teamcity_server/datadir/system/artifacts]
[2019-08-21 03:00:00,934]   INFO -  jetbrains.buildServer.CLEANUP - Removed no obsolete artifact directories (4 processed)
[2019-08-21 03:00:00,953]   INFO -  jetbrains.buildServer.CLEANUP - 	Executing afterCleanup extension (16 of 31): jetbrains.buildServer.serverSide.stat.TestFailureRateCollector
[2019-08-21 03:00:00,953]   INFO -  jetbrains.buildServer.CLEANUP - Removed 1 empty artifact directories
[2019-08-21 03:00:00,955]   INFO -  jetbrains.buildServer.CLEANUP - 	Executing afterCleanup extension (17 of 31): jetbrains.buildServer.serverSide.mute.LowLevelProblemMutingServiceImpl$TestMutesCleaner
[2019-08-21 03:00:00,955]   INFO -  jetbrains.buildServer.CLEANUP - 	Executing afterCleanup extension (18 of 31): jetbrains.buildServer.serverSide.statistics.impl.BuildDataStorageImpl
[2019-08-21 03:00:00,955]   INFO -  jetbrains.buildServer.CLEANUP - 	Executing afterCleanup extension (19 of 31): jetbrains.buildServer.responsibility.impl.ResponsibilityCleanupExtension
[2019-08-21 03:00:00,984]   INFO -  jetbrains.buildServer.CLEANUP - 		Starting cleanup of responsibility entries...
[2019-08-21 03:00:00,984]   INFO -  jetbrains.buildServer.CLEANUP - 		Will delete 0 responsibility entries
[2019-08-21 03:00:00,984]   INFO -  jetbrains.buildServer.CLEANUP - 		Finished cleanup of 0 responsibility entries
[2019-08-21 03:00:00,984]   INFO -  jetbrains.buildServer.CLEANUP - 	Executing afterCleanup extension (20 of 31): jetbrains.buildServer.serverSide.impl.projectSources.PatchCacheImpl
[2019-08-21 03:00:01,013]   INFO -  jetbrains.buildServer.CLEANUP - 	Executing afterCleanup extension (21 of 31): jetbrains.buildServer.users.impl.UserModelImpl
[2019-08-21 03:00:01,013]   INFO -  jetbrains.buildServer.CLEANUP - 	Executing afterCleanup extension (22 of 31): jetbrains.buildServer.vcs.impl.VcsModificationsCleaner
[2019-08-21 03:00:01,015]   INFO -  jetbrains.buildServer.CLEANUP - 	Executing afterCleanup extension (23 of 31): jetbrains.buildServer.diagnostic.ThreadStatCleaner
[2019-08-21 03:00:01,037]   INFO -  jetbrains.buildServer.CLEANUP - 	Executing afterCleanup extension (24 of 31): jetbrains.buildServer.serverSide.impl.OldAgentsCleaner
[2019-08-21 03:00:01,037]   INFO -  jetbrains.buildServer.CLEANUP - 	Executing afterCleanup extension (25 of 31): jetbrains.buildServer.serverSide.impl.audit.AuditLogCleanerImpl
[2019-08-21 03:00:01,037]   INFO -  jetbrains.buildServer.CLEANUP - 		Removing audit log records older than 365 days ...
[2019-08-21 03:00:01,047]   INFO -  jetbrains.buildServer.CLEANUP - 		Removing audit log records for obsolete tests ...
[2019-08-21 03:00:01,085]   INFO -  jetbrains.buildServer.CLEANUP - 		Removing audit log records for obsolete builds ...
[2019-08-21 03:00:01,090]   INFO -  jetbrains.buildServer.CLEANUP - 		Finished removing audit log records.
[2019-08-21 03:00:01,090]   INFO -  jetbrains.buildServer.CLEANUP - 	Executing afterCleanup extension (26 of 31): jetbrains.buildServer.serverSide.identifiers.BuildTypeIdentifiersManagerImpl
[2019-08-21 03:00:01,090]   INFO -  jetbrains.buildServer.CLEANUP - 	Executing afterCleanup extension (27 of 31): jetbrains.buildServer.diagnostic.ThreadDumpsCleaner
[2019-08-21 03:00:01,090]   INFO -  jetbrains.buildServer.CLEANUP - 	Executing afterCleanup extension (28 of 31): jetbrains.buildServer.serverSide.impl.cleanup.extensions.InvalidHistoryRecordsCleaner
[2019-08-21 03:00:01,091]   INFO -  jetbrains.buildServer.CLEANUP - 	Executing afterCleanup extension (29 of 31): jetbrains.buildServer.controllers.login.RememberMe$1
[2019-08-21 03:00:01,091]   INFO -  jetbrains.buildServer.CLEANUP - 	Executing afterCleanup extension (30 of 31): jetbrains.buildServer.serverSide.impl.versionedSettings.GeneratedSettingsCache
[2019-08-21 03:00:01,092]   INFO -  jetbrains.buildServer.CLEANUP - 	Executing afterCleanup extension (31 of 31): jetbrains.buildServer.serverSide.metadata.impl.metadata.MetadataStorageBean
[2019-08-21 03:00:01,171]   INFO -  jetbrains.buildServer.CLEANUP - Finished processing afterCleanup extensions, took 299ms
[2019-08-21 03:00:01,172]   INFO -  jetbrains.buildServer.CLEANUP - Clean-up finished, took 1s
[2019-08-21 03:00:01,193]   INFO -  jetbrains.buildServer.CLEANUP - Post-cleanup tasks finished, took 20ms
[2019-08-21 03:00:01,193]   INFO -  jetbrains.buildServer.CLEANUP - Lock for the maintenance process released
