[2019-08-20 09:11:38,908]   INFO - tbrains.buildServer.ACTIVITIES - Server Started
[2019-08-20 09:13:18,982]   INFO - tbrains.buildServer.ACTIVITIES - New user created: 'anton' {id=1}
[2019-08-20 09:13:46,281]   INFO - s.buildServer.ACTIVITIES.AUDIT - logout_all_sessions_of_user: Logged out sessions of user "'anton' (Anton Nichaienko) {id=1}" by "'anton' (Anton Nichaienko) {id=1}"
[2019-08-20 11:11:56,713]   INFO - s.buildServer.ACTIVITIES.AUDIT - project_create: Project "GitDevOps03 {id=GitDevOps03, internal id=project1}" was created by "'anton' (Anton Nichaienko) {id=1}"
[2019-08-20 11:11:56,760]   INFO - s.buildServer.ACTIVITIES.AUDIT - vcs_root_create: VCS root ""https://github.com/silent-ua/GitDevOps03.git#refs/heads/master" {internal id=1, id=GitDevOps03_HttpsGithubComSilentUaGitDevOps03gitRefsHeadsMaster, description: "https://github.com/silent-ua/GitDevOps03.git#refs/heads/master"}" was created by "'anton' (Anton Nichaienko) {id=1}" with comment "In project: GitDevOps03"
[2019-08-20 11:11:56,950]   INFO - s.buildServer.ACTIVITIES.AUDIT - build_type_create: "GitDevOps03 / GitDevOps03 {id=GitDevOps03_GitDevOps03, internal id=bt1}" was created by "'anton' (Anton Nichaienko) {id=1}"
[2019-08-20 11:15:03,767]   INFO - s.buildServer.ACTIVITIES.AUDIT - project_edit_settings: "GitDevOps03 {id=GitDevOps03, internal id=project1}" project settings were edited ("version before: 1, version after: 2") by "'anton' (Anton Nichaienko) {id=1}" with comment "Connection added"
[2019-08-20 11:16:49,093]   INFO - s.buildServer.ACTIVITIES.AUDIT - project_edit_settings: "GitDevOps03 {id=GitDevOps03, internal id=project1}" project settings were edited ("version before: 2, version after: 3") by "'anton' (Anton Nichaienko) {id=1}" with comment "Connection added"
[2019-08-20 12:05:30,317]   INFO - tbrains.buildServer.ACTIVITIES - Shutdown Spring components
[2019-08-20 12:05:32,180]   INFO - tbrains.buildServer.ACTIVITIES - Spring components are shut down
[2019-08-20 14:05:11,031]   INFO - tbrains.buildServer.ACTIVITIES - Server Started
[2019-08-20 14:23:00,965]   INFO - s.buildServer.ACTIVITIES.AUDIT - agent_authorize: Agent ""agent_first" {id=1}" was authorized by "'anton' (Anton Nichaienko) {id=1}"
[2019-08-20 14:30:16,259]   INFO - s.buildServer.ACTIVITIES.AUDIT - build_type_edit_settings: "GitDevOps03 / GitDevOps03 {id=GitDevOps03_GitDevOps03, internal id=bt1}" build configuration settings were edited ("version before: 1, version after: 2") by "'anton' (Anton Nichaienko) {id=1}" with comment "build features of 'GitDevOps03' build configuration were updated"
[2019-08-20 14:32:13,279]   INFO - s.buildServer.ACTIVITIES.AUDIT - build_type_edit_settings: "GitDevOps03 / GitDevOps03 {id=GitDevOps03_GitDevOps03, internal id=bt1}" build configuration settings were edited ("version before: 2, version after: 3") by "'anton' (Anton Nichaienko) {id=1}" with comment "runners of 'GitDevOps03' build configuration were updated"
[2019-08-20 14:33:18,396]   INFO - s.buildServer.ACTIVITIES.AUDIT - build_type_edit_settings: "GitDevOps03 / GitDevOps03 {id=GitDevOps03_GitDevOps03, internal id=bt1}" build configuration settings were edited ("version before: 3, version after: 4") by "'anton' (Anton Nichaienko) {id=1}" with comment "runners of 'GitDevOps03' build configuration were updated"
[2019-08-20 14:34:02,016]   INFO - s.buildServer.ACTIVITIES.AUDIT - build_add_to_queue: Build BUILD_PROMOTION{id=1} was added to queue by "'anton' (Anton Nichaienko) {id=1}"
[2019-08-20 14:34:02,030]   INFO - tbrains.buildServer.ACTIVITIES - Build added to queue; Queued build {Build promotion {promotion id=1, configuration={id=GitDevOps03_GitDevOps03, internal id=bt1}, queued}, triggered by "'anton' (Anton Nichaienko) {id=1}" (##userId='1' type='user')}
[2019-08-20 14:34:02,196]   INFO - tbrains.buildServer.ACTIVITIES - Build started; GitDevOps03 / GitDevOps03 {id=GitDevOps03_GitDevOps03, internal id=bt1} #1 {promotion id=1, agent="agent_first" {id=1}, triggered by "'anton' (Anton Nichaienko) {id=1}" (##userId='1' type='user'). Started 2019-08-20 14:34:02.137, running}
[2019-08-20 14:34:19,677]   INFO - tbrains.buildServer.ACTIVITIES - Finished build GitDevOps03 / GitDevOps03 {id=GitDevOps03_GitDevOps03, internal id=bt1} #1 {promotion id=1, agent="agent_first" {id=1}, triggered by "'anton' (Anton Nichaienko) {id=1}" (##userId='1' type='user'). Started 2019-08-20 14:34:03.625, finished. Status "FAILURE 'Exit code 1 (Step: Push docker image to Nexus locally (Docker)) (new)'"}
[2019-08-20 14:37:45,328]   INFO - tbrains.buildServer.ACTIVITIES - Shutdown Spring components
[2019-08-20 14:37:47,075]   INFO - tbrains.buildServer.ACTIVITIES - Spring components are shut down
[2019-08-20 14:40:10,076]   INFO - tbrains.buildServer.ACTIVITIES - Server Started
[2019-08-21 09:45:38,502]   INFO - s.buildServer.ACTIVITIES.AUDIT - build_type_edit_settings: "GitDevOps03 / GitDevOps03 {id=GitDevOps03_GitDevOps03, internal id=bt1}" build configuration settings were edited ("version before: 4, version after: 5") by "'anton' (Anton Nichaienko) {id=1}" with comment "build features of 'GitDevOps03' build configuration were updated"
[2019-08-21 09:46:26,978]   INFO - s.buildServer.ACTIVITIES.AUDIT - build_add_to_queue: Build BUILD_PROMOTION{id=2} was added to queue by "'anton' (Anton Nichaienko) {id=1}"
[2019-08-21 09:46:27,109]   INFO - tbrains.buildServer.ACTIVITIES - Build added to queue; Queued build {Build promotion {promotion id=2, configuration={id=GitDevOps03_GitDevOps03, internal id=bt1}, queued}, triggered by "'anton' (Anton Nichaienko) {id=1}" (##userId='1' type='user')}
[2019-08-21 09:46:27,257]   INFO - tbrains.buildServer.ACTIVITIES - Build started; GitDevOps03 / GitDevOps03 {id=GitDevOps03_GitDevOps03, internal id=bt1} #2 {promotion id=2, agent="agent_first" {id=1}, triggered by "'anton' (Anton Nichaienko) {id=1}" (##userId='1' type='user'). Started 2019-08-21 09:46:27.189, running}
[2019-08-21 09:46:56,083]   INFO - tbrains.buildServer.ACTIVITIES - Finished build GitDevOps03 / GitDevOps03 {id=GitDevOps03_GitDevOps03, internal id=bt1} #2 {promotion id=2, agent="agent_first" {id=1}, triggered by "'anton' (Anton Nichaienko) {id=1}" (##userId='1' type='user'). Started 2019-08-21 09:46:32.726, finished. Status "NORMAL 'Running'"}
