20-Aug-2019 09:02:50.054 INFO [localhost-startStop-1] org.apache.catalina.core.ApplicationContext.log No Spring WebApplicationInitializer types detected on classpath
20-Aug-2019 09:02:50.457 INFO [localhost-startStop-1] org.apache.jasper.servlet.TldScanner.scanJars At least one JAR was scanned for TLDs yet contained no TLDs. Enable debug logging for this logger for a complete list of JARs that were scanned but no TLDs were found in them. Skipping unneeded JARs during scanning can improve startup time and JSP compilation time.
20-Aug-2019 09:10:32.497 INFO [TC: 09:10:32 Stage: Initializing TeamCity server components; TeamCity Server (version 2019.1.2 build 66342 started 2019-08-20 09:02:51.104), node id: MAIN_SERVER] org.apache.catalina.core.ApplicationContext.log Initializing Spring FrameworkServlet 'buildServer'
20-Aug-2019 09:11:25.907 INFO [TC: 09:11:24 Initializing Jersey for plugin 'rest-api-2017.1'; REST API initializer 1] com.sun.jersey.server.impl.application.WebApplicationImpl._initiate Initiating Jersey application, version 'Jersey: 1.19 02/11/2015 03:25 AM'
20-Aug-2019 09:11:25.906 INFO [TC: 09:11:24 Initializing Jersey for plugin 'rest-api-2017.2'; REST API initializer 1] com.sun.jersey.server.impl.application.WebApplicationImpl._initiate Initiating Jersey application, version 'Jersey: 1.19 02/11/2015 03:25 AM'
20-Aug-2019 09:11:25.906 INFO [TC: 09:11:24 Initializing Jersey for plugin 'rest-api' via background initial initialization; REST API initializer for plugin 'rest-api' 1] com.sun.jersey.server.impl.application.WebApplicationImpl._initiate Initiating Jersey application, version 'Jersey: 1.19 02/11/2015 03:25 AM'
20-Aug-2019 09:11:26.775 INFO [TC: 09:11:24 Initializing Jersey for plugin 'rest-api-2017.1'; REST API initializer 1] com.sun.jersey.server.impl.application.DeferredResourceConfig$ApplicationHolder.<init> Instantiated the Application class jetbrains.buildServer.server.rest.jersey.ExtensionsAwareResourceConfig
20-Aug-2019 09:11:26.807 INFO [TC: 09:11:24 Initializing Jersey for plugin 'rest-api' via background initial initialization; REST API initializer for plugin 'rest-api' 1] com.sun.jersey.server.impl.application.DeferredResourceConfig$ApplicationHolder.<init> Instantiated the Application class jetbrains.buildServer.server.rest.jersey.ExtensionsAwareResourceConfig
20-Aug-2019 09:11:26.932 INFO [TC: 09:11:24 Initializing Jersey for plugin 'rest-api-2017.2'; REST API initializer 1] com.sun.jersey.server.impl.application.DeferredResourceConfig$ApplicationHolder.<init> Instantiated the Application class jetbrains.buildServer.server.rest.jersey.ExtensionsAwareResourceConfig
20-Aug-2019 09:11:28.283 INFO [TC: 09:11:24 Initializing Jersey for plugin 'rest-api-2017.1'; REST API initializer 1] com.sun.jersey.api.wadl.config.WadlGeneratorLoader.loadWadlGenerator Loading wadlGenerator com.sun.jersey.server.wadl.generators.WadlGeneratorApplicationDoc
20-Aug-2019 09:11:28.286 INFO [TC: 09:11:24 Initializing Jersey for plugin 'rest-api-2017.1'; REST API initializer 1] com.sun.jersey.api.wadl.config.WadlGeneratorLoader.loadWadlGenerator Loading wadlGenerator jetbrains.buildServer.server.rest.jersey.WadlGenerator$PatchedWadlGenerator
20-Aug-2019 09:11:28.286 INFO [TC: 09:11:24 Initializing Jersey for plugin 'rest-api-2017.1'; REST API initializer 1] com.sun.jersey.api.wadl.config.WadlGeneratorLoader.loadWadlGenerator Loading wadlGenerator com.sun.jersey.server.wadl.generators.resourcedoc.WadlGeneratorResourceDocSupport
20-Aug-2019 09:11:28.410 INFO [TC: 09:11:24 Initializing Jersey for plugin 'rest-api-2017.2'; REST API initializer 1] com.sun.jersey.api.wadl.config.WadlGeneratorLoader.loadWadlGenerator Loading wadlGenerator com.sun.jersey.server.wadl.generators.WadlGeneratorApplicationDoc
20-Aug-2019 09:11:28.422 INFO [TC: 09:11:24 Initializing Jersey for plugin 'rest-api-2017.2'; REST API initializer 1] com.sun.jersey.api.wadl.config.WadlGeneratorLoader.loadWadlGenerator Loading wadlGenerator jetbrains.buildServer.server.rest.jersey.WadlGenerator$PatchedWadlGenerator
20-Aug-2019 09:11:28.423 INFO [TC: 09:11:24 Initializing Jersey for plugin 'rest-api-2017.2'; REST API initializer 1] com.sun.jersey.api.wadl.config.WadlGeneratorLoader.loadWadlGenerator Loading wadlGenerator com.sun.jersey.server.wadl.generators.resourcedoc.WadlGeneratorResourceDocSupport
20-Aug-2019 09:11:28.718 INFO [TC: 09:11:24 Initializing Jersey for plugin 'rest-api' via background initial initialization; REST API initializer for plugin 'rest-api' 1] com.sun.jersey.api.wadl.config.WadlGeneratorLoader.loadWadlGenerator Loading wadlGenerator com.sun.jersey.server.wadl.generators.WadlGeneratorApplicationDoc
20-Aug-2019 09:11:28.739 INFO [TC: 09:11:24 Initializing Jersey for plugin 'rest-api' via background initial initialization; REST API initializer for plugin 'rest-api' 1] com.sun.jersey.api.wadl.config.WadlGeneratorLoader.loadWadlGenerator Loading wadlGenerator jetbrains.buildServer.server.rest.jersey.WadlGenerator$PatchedWadlGenerator
20-Aug-2019 09:11:28.740 INFO [TC: 09:11:24 Initializing Jersey for plugin 'rest-api' via background initial initialization; REST API initializer for plugin 'rest-api' 1] com.sun.jersey.api.wadl.config.WadlGeneratorLoader.loadWadlGenerator Loading wadlGenerator com.sun.jersey.server.wadl.generators.resourcedoc.WadlGeneratorResourceDocSupport
20-Aug-2019 12:05:30.307 INFO [TC: 12:05:30 Stage: TeamCity server is shutting down; TeamCity Server (version 2019.1.2 build 66342 started 2019-08-20 09:02:51.104), node id: MAIN_SERVER] org.apache.catalina.core.ApplicationContext.log Destroying Spring FrameworkServlet 'buildServer'
20-Aug-2019 14:04:27.599 INFO [localhost-startStop-1] org.apache.catalina.core.ApplicationContext.log No Spring WebApplicationInitializer types detected on classpath
20-Aug-2019 14:04:27.815 INFO [localhost-startStop-1] org.apache.jasper.servlet.TldScanner.scanJars At least one JAR was scanned for TLDs yet contained no TLDs. Enable debug logging for this logger for a complete list of JARs that were scanned but no TLDs were found in them. Skipping unneeded JARs during scanning can improve startup time and JSP compilation time.
20-Aug-2019 14:04:29.557 INFO [TC: 14:04:29 Stage: Initializing TeamCity server components; TeamCity Server (version 2019.1.2 build 66342 started 2019-08-20 14:04:28.322), node id: MAIN_SERVER] org.apache.catalina.core.ApplicationContext.log Initializing Spring FrameworkServlet 'buildServer'
20-Aug-2019 14:05:05.360 INFO [TC: 14:05:04 Initializing Jersey for plugin 'rest-api-2017.2'; REST API initializer 1] com.sun.jersey.server.impl.application.WebApplicationImpl._initiate Initiating Jersey application, version 'Jersey: 1.19 02/11/2015 03:25 AM'
20-Aug-2019 14:05:05.365 INFO [TC: 14:05:04 Initializing Jersey for plugin 'rest-api' via background initial initialization; REST API initializer for plugin 'rest-api' 1] com.sun.jersey.server.impl.application.WebApplicationImpl._initiate Initiating Jersey application, version 'Jersey: 1.19 02/11/2015 03:25 AM'
20-Aug-2019 14:05:05.383 INFO [TC: 14:05:04 Initializing Jersey for plugin 'rest-api-2017.1'; REST API initializer 1] com.sun.jersey.server.impl.application.WebApplicationImpl._initiate Initiating Jersey application, version 'Jersey: 1.19 02/11/2015 03:25 AM'
20-Aug-2019 14:05:05.697 INFO [TC: 14:05:04 Initializing Jersey for plugin 'rest-api' via background initial initialization; REST API initializer for plugin 'rest-api' 1] com.sun.jersey.server.impl.application.DeferredResourceConfig$ApplicationHolder.<init> Instantiated the Application class jetbrains.buildServer.server.rest.jersey.ExtensionsAwareResourceConfig
20-Aug-2019 14:05:05.768 INFO [TC: 14:05:04 Initializing Jersey for plugin 'rest-api-2017.1'; REST API initializer 1] com.sun.jersey.server.impl.application.DeferredResourceConfig$ApplicationHolder.<init> Instantiated the Application class jetbrains.buildServer.server.rest.jersey.ExtensionsAwareResourceConfig
20-Aug-2019 14:05:05.824 INFO [TC: 14:05:04 Initializing Jersey for plugin 'rest-api-2017.2'; REST API initializer 1] com.sun.jersey.server.impl.application.DeferredResourceConfig$ApplicationHolder.<init> Instantiated the Application class jetbrains.buildServer.server.rest.jersey.ExtensionsAwareResourceConfig
20-Aug-2019 14:05:06.479 INFO [TC: 14:05:04 Initializing Jersey for plugin 'rest-api-2017.1'; REST API initializer 1] com.sun.jersey.api.wadl.config.WadlGeneratorLoader.loadWadlGenerator Loading wadlGenerator com.sun.jersey.server.wadl.generators.WadlGeneratorApplicationDoc
20-Aug-2019 14:05:06.484 INFO [TC: 14:05:04 Initializing Jersey for plugin 'rest-api-2017.1'; REST API initializer 1] com.sun.jersey.api.wadl.config.WadlGeneratorLoader.loadWadlGenerator Loading wadlGenerator jetbrains.buildServer.server.rest.jersey.WadlGenerator$PatchedWadlGenerator
20-Aug-2019 14:05:06.485 INFO [TC: 14:05:04 Initializing Jersey for plugin 'rest-api-2017.1'; REST API initializer 1] com.sun.jersey.api.wadl.config.WadlGeneratorLoader.loadWadlGenerator Loading wadlGenerator com.sun.jersey.server.wadl.generators.resourcedoc.WadlGeneratorResourceDocSupport
20-Aug-2019 14:05:06.504 INFO [TC: 14:05:04 Initializing Jersey for plugin 'rest-api' via background initial initialization; REST API initializer for plugin 'rest-api' 1] com.sun.jersey.api.wadl.config.WadlGeneratorLoader.loadWadlGenerator Loading wadlGenerator com.sun.jersey.server.wadl.generators.WadlGeneratorApplicationDoc
20-Aug-2019 14:05:06.510 INFO [TC: 14:05:04 Initializing Jersey for plugin 'rest-api' via background initial initialization; REST API initializer for plugin 'rest-api' 1] com.sun.jersey.api.wadl.config.WadlGeneratorLoader.loadWadlGenerator Loading wadlGenerator jetbrains.buildServer.server.rest.jersey.WadlGenerator$PatchedWadlGenerator
20-Aug-2019 14:05:06.512 INFO [TC: 14:05:04 Initializing Jersey for plugin 'rest-api' via background initial initialization; REST API initializer for plugin 'rest-api' 1] com.sun.jersey.api.wadl.config.WadlGeneratorLoader.loadWadlGenerator Loading wadlGenerator com.sun.jersey.server.wadl.generators.resourcedoc.WadlGeneratorResourceDocSupport
20-Aug-2019 14:05:06.658 INFO [TC: 14:05:04 Initializing Jersey for plugin 'rest-api-2017.2'; REST API initializer 1] com.sun.jersey.api.wadl.config.WadlGeneratorLoader.loadWadlGenerator Loading wadlGenerator com.sun.jersey.server.wadl.generators.WadlGeneratorApplicationDoc
20-Aug-2019 14:05:06.667 INFO [TC: 14:05:04 Initializing Jersey for plugin 'rest-api-2017.2'; REST API initializer 1] com.sun.jersey.api.wadl.config.WadlGeneratorLoader.loadWadlGenerator Loading wadlGenerator jetbrains.buildServer.server.rest.jersey.WadlGenerator$PatchedWadlGenerator
20-Aug-2019 14:05:06.667 INFO [TC: 14:05:04 Initializing Jersey for plugin 'rest-api-2017.2'; REST API initializer 1] com.sun.jersey.api.wadl.config.WadlGeneratorLoader.loadWadlGenerator Loading wadlGenerator com.sun.jersey.server.wadl.generators.resourcedoc.WadlGeneratorResourceDocSupport
20-Aug-2019 14:37:45.327 INFO [TC: 14:37:45 Stage: TeamCity server is shutting down; TeamCity Server (version 2019.1.2 build 66342 started 2019-08-20 14:04:28.322), node id: MAIN_SERVER] org.apache.catalina.core.ApplicationContext.log Destroying Spring FrameworkServlet 'buildServer'
20-Aug-2019 14:39:21.572 INFO [localhost-startStop-1] org.apache.catalina.core.ApplicationContext.log No Spring WebApplicationInitializer types detected on classpath
20-Aug-2019 14:39:21.722 INFO [localhost-startStop-1] org.apache.jasper.servlet.TldScanner.scanJars At least one JAR was scanned for TLDs yet contained no TLDs. Enable debug logging for this logger for a complete list of JARs that were scanned but no TLDs were found in them. Skipping unneeded JARs during scanning can improve startup time and JSP compilation time.
20-Aug-2019 14:39:23.143 INFO [TC: 14:39:23 Stage: Initializing TeamCity server components; TeamCity Server (version 2019.1.2 build 66342 started 2019-08-20 14:39:22.113), node id: MAIN_SERVER] org.apache.catalina.core.ApplicationContext.log Initializing Spring FrameworkServlet 'buildServer'
20-Aug-2019 14:40:02.428 INFO [TC: 14:40:01 Initializing Jersey for plugin 'rest-api' via background initial initialization; REST API initializer for plugin 'rest-api' 1] com.sun.jersey.server.impl.application.WebApplicationImpl._initiate Initiating Jersey application, version 'Jersey: 1.19 02/11/2015 03:25 AM'
20-Aug-2019 14:40:02.433 INFO [TC: 14:40:01 Initializing Jersey for plugin 'rest-api-2017.2'; REST API initializer 1] com.sun.jersey.server.impl.application.WebApplicationImpl._initiate Initiating Jersey application, version 'Jersey: 1.19 02/11/2015 03:25 AM'
20-Aug-2019 14:40:02.523 INFO [TC: 14:40:01 Initializing Jersey for plugin 'rest-api-2017.1'; REST API initializer 1] com.sun.jersey.server.impl.application.WebApplicationImpl._initiate Initiating Jersey application, version 'Jersey: 1.19 02/11/2015 03:25 AM'
20-Aug-2019 14:40:03.000 INFO [TC: 14:40:01 Initializing Jersey for plugin 'rest-api-2017.2'; REST API initializer 1] com.sun.jersey.server.impl.application.DeferredResourceConfig$ApplicationHolder.<init> Instantiated the Application class jetbrains.buildServer.server.rest.jersey.ExtensionsAwareResourceConfig
20-Aug-2019 14:40:03.246 INFO [TC: 14:40:01 Initializing Jersey for plugin 'rest-api' via background initial initialization; REST API initializer for plugin 'rest-api' 1] com.sun.jersey.server.impl.application.DeferredResourceConfig$ApplicationHolder.<init> Instantiated the Application class jetbrains.buildServer.server.rest.jersey.ExtensionsAwareResourceConfig
20-Aug-2019 14:40:03.328 INFO [TC: 14:40:01 Initializing Jersey for plugin 'rest-api-2017.1'; REST API initializer 1] com.sun.jersey.server.impl.application.DeferredResourceConfig$ApplicationHolder.<init> Instantiated the Application class jetbrains.buildServer.server.rest.jersey.ExtensionsAwareResourceConfig
20-Aug-2019 14:40:03.954 INFO [TC: 14:40:01 Initializing Jersey for plugin 'rest-api-2017.2'; REST API initializer 1] com.sun.jersey.api.wadl.config.WadlGeneratorLoader.loadWadlGenerator Loading wadlGenerator com.sun.jersey.server.wadl.generators.WadlGeneratorApplicationDoc
20-Aug-2019 14:40:03.960 INFO [TC: 14:40:01 Initializing Jersey for plugin 'rest-api-2017.2'; REST API initializer 1] com.sun.jersey.api.wadl.config.WadlGeneratorLoader.loadWadlGenerator Loading wadlGenerator jetbrains.buildServer.server.rest.jersey.WadlGenerator$PatchedWadlGenerator
20-Aug-2019 14:40:03.960 INFO [TC: 14:40:01 Initializing Jersey for plugin 'rest-api-2017.2'; REST API initializer 1] com.sun.jersey.api.wadl.config.WadlGeneratorLoader.loadWadlGenerator Loading wadlGenerator com.sun.jersey.server.wadl.generators.resourcedoc.WadlGeneratorResourceDocSupport
20-Aug-2019 14:40:04.351 INFO [TC: 14:40:01 Initializing Jersey for plugin 'rest-api-2017.1'; REST API initializer 1] com.sun.jersey.api.wadl.config.WadlGeneratorLoader.loadWadlGenerator Loading wadlGenerator com.sun.jersey.server.wadl.generators.WadlGeneratorApplicationDoc
20-Aug-2019 14:40:04.361 INFO [TC: 14:40:01 Initializing Jersey for plugin 'rest-api-2017.1'; REST API initializer 1] com.sun.jersey.api.wadl.config.WadlGeneratorLoader.loadWadlGenerator Loading wadlGenerator jetbrains.buildServer.server.rest.jersey.WadlGenerator$PatchedWadlGenerator
20-Aug-2019 14:40:04.361 INFO [TC: 14:40:01 Initializing Jersey for plugin 'rest-api-2017.1'; REST API initializer 1] com.sun.jersey.api.wadl.config.WadlGeneratorLoader.loadWadlGenerator Loading wadlGenerator com.sun.jersey.server.wadl.generators.resourcedoc.WadlGeneratorResourceDocSupport
20-Aug-2019 14:40:04.620 INFO [TC: 14:40:01 Initializing Jersey for plugin 'rest-api' via background initial initialization; REST API initializer for plugin 'rest-api' 1] com.sun.jersey.api.wadl.config.WadlGeneratorLoader.loadWadlGenerator Loading wadlGenerator com.sun.jersey.server.wadl.generators.WadlGeneratorApplicationDoc
20-Aug-2019 14:40:04.631 INFO [TC: 14:40:01 Initializing Jersey for plugin 'rest-api' via background initial initialization; REST API initializer for plugin 'rest-api' 1] com.sun.jersey.api.wadl.config.WadlGeneratorLoader.loadWadlGenerator Loading wadlGenerator jetbrains.buildServer.server.rest.jersey.WadlGenerator$PatchedWadlGenerator
20-Aug-2019 14:40:04.631 INFO [TC: 14:40:01 Initializing Jersey for plugin 'rest-api' via background initial initialization; REST API initializer for plugin 'rest-api' 1] com.sun.jersey.api.wadl.config.WadlGeneratorLoader.loadWadlGenerator Loading wadlGenerator com.sun.jersey.server.wadl.generators.resourcedoc.WadlGeneratorResourceDocSupport
