[2019-08-16 11:12:54,458]   INFO -  jetbrains.buildServer.STARTUP - Path to the startup configuration file: /opt/teamcity/bin/../conf/teamcity-startup.properties
[2019-08-16 11:12:54,523]   INFO -   jetbrains.buildServer.SERVER - Using logs directory "/opt/teamcity/logs"
[2019-08-16 11:12:54,632]   INFO -  jetbrains.buildServer.STARTUP - 






[2019-08-16 11:12:54,636]   INFO -  jetbrains.buildServer.STARTUP - ===========================================================
[2019-08-16 11:12:54,636]   INFO -  jetbrains.buildServer.STARTUP - Starting TeamCity server
[2019-08-16 11:12:55,447]   INFO -  jetbrains.buildServer.STARTUP - TeamCity version: 2019.1.2 (build 66342), data format version 898
[2019-08-16 11:12:55,464]   INFO -  jetbrains.buildServer.STARTUP - OS: Linux, version 4.15.0-58-generic, amd64, Current user: root, Time zone: GMT (UTC)
[2019-08-16 11:12:55,464]   INFO -  jetbrains.buildServer.STARTUP - Java: 1.8.0_192, OpenJDK 64-Bit Server VM (25.192-b12, mixed mode), OpenJDK Runtime Environment (1.8.0_192-b12), Oracle Corporation; JVM parameters: -XX:+UnlockExperimentalVMOptions -XX:+UseCGroupMemoryLimitForHeap -Djava.util.logging.config.file=/opt/teamcity/conf/logging.properties -Djava.util.logging.manager=org.apache.juli.ClassLoaderLogManager -Djdk.tls.ephemeralDHKeySize=2048 -Djava.protocol.handler.pkgs=org.apache.catalina.webresources -Dorg.apache.catalina.security.SecurityListener.UMASK=0027 -Xmx2g -XX:ReservedCodeCacheSize=350m -Dteamcity.configuration.path=../conf/teamcity-startup.properties -Dlog4j.configuration=file:/opt/teamcity/bin/../conf/teamcity-server-log4j.xml -Dteamcity_logs=/opt/teamcity/bin/../logs -Djava.awt.headless=true -Dignore.endorsed.dirs= -Dcatalina.base=/opt/teamcity -Dcatalina.home=/opt/teamcity -Djava.io.tmpdir=/opt/teamcity/temp
[2019-08-16 11:12:55,467]   INFO -  jetbrains.buildServer.STARTUP - Garbage collection: PS Scavenge, PS MarkSweep
[2019-08-16 11:12:55,467]   INFO -  jetbrains.buildServer.STARTUP - Web server version: Apache Tomcat/8.5.40
[2019-08-16 11:12:55,469]   INFO -  jetbrains.buildServer.STARTUP - Server IP address: 172.18.0.2
[2019-08-16 11:12:55,499]   INFO -  jetbrains.buildServer.STARTUP - Web server ports: 8111 (protocol: HTTP/1.1, scheme: http), 8105 (shutdown port)
[2019-08-16 11:12:55,499]   INFO -  jetbrains.buildServer.STARTUP - Context path: "/", servlet real path: "/opt/teamcity/webapps/ROOT"
[2019-08-16 11:12:55,529]   INFO -  jetbrains.buildServer.STARTUP - TeamCity distribution type: docker-ubuntu
[2019-08-16 11:12:55,529]   INFO -  jetbrains.buildServer.STARTUP - TeamCity server node id: MAIN_SERVER
[2019-08-16 11:12:55,542]   INFO -  jetbrains.buildServer.STARTUP - Version file lock was successfully obtained: /opt/teamcity/webapps/ROOT/BUILD_66342
[2019-08-16 11:12:55,599]   INFO -  jetbrains.buildServer.STARTUP - Current stage: Looking for the TeamCity Data Directory
[2019-08-16 11:12:55,600]   INFO -  jetbrains.buildServer.STARTUP - The TeamCity Data Directory path is determined using the environment variable TEAMCITY_DATA_PATH
[2019-08-16 11:12:55,613]   INFO -  jetbrains.buildServer.STARTUP - The TeamCity Data Directory "/data/teamcity_server/datadir" exists
[2019-08-16 11:12:55,616]   INFO -  jetbrains.buildServer.STARTUP - Asking user to confirm first start with the predefined TeamCity Data Directory path
[2019-08-16 11:12:55,629]   INFO -  jetbrains.buildServer.STARTUP - Startup confirmation is required. Open TeamCity web page in the browser. Server is running at http://localhost:8111
[2019-08-16 11:12:55,629]   INFO -  jetbrains.buildServer.STARTUP - Current stage: Confirming TeamCity first start (administrator login is required to proceed)
[2019-08-16 11:13:51,688]   INFO -  jetbrains.buildServer.STARTUP - Current stage: Initializing the TeamCity Data Directory
[2019-08-16 11:13:51,941]   INFO -  jetbrains.buildServer.STARTUP - Downloading JDBC driver metadata from <https://download.jetbrains.com/teamcity/database-drivers/2019.1.xml?myVersion=2019.1.2&javaVersion=1.8.0_192>...
[2019-08-16 11:13:53,178]   INFO -  jetbrains.buildServer.STARTUP - Current stage: Setting up database connection (administrator login is required to proceed)
[2019-08-16 11:15:06,508]   INFO -  jetbrains.buildServer.STARTUP - Generated JDBC connection string: jdbc:hsqldb:file:$TEAMCITY_SYSTEM_PATH/buildserver
[2019-08-16 11:15:06,508]   INFO -  jetbrains.buildServer.STARTUP - Current stage: Creating a new database
[2019-08-16 11:15:06,508]   INFO -  jetbrains.buildServer.STARTUP - Creating a new database
[2019-08-16 11:15:06,566]   INFO -  jetbrains.buildServer.STARTUP - Effective database connection properties:
[2019-08-16 11:15:06,566]   INFO -  jetbrains.buildServer.STARTUP - 	cache_file_scale=8 [defaults]
[2019-08-16 11:15:06,567]   INFO -  jetbrains.buildServer.STARTUP - 	hsqldb.default_table_type=cached [defaults]
[2019-08-16 11:15:06,567]   INFO -  jetbrains.buildServer.STARTUP - 	log_size=1024 [defaults]
[2019-08-16 11:15:07,267]   INFO -  jetbrains.buildServer.STARTUP - JDBC driver version: 2.3 (HSQL Database Engine Driver)
[2019-08-16 11:15:07,267]   INFO -  jetbrains.buildServer.STARTUP - Database system version: 2.3.2 (HSQL Database Engine)
[2019-08-16 11:15:07,267]   INFO -  jetbrains.buildServer.STARTUP - Connected to the database successfully
[2019-08-16 11:15:07,292]   INFO -  jetbrains.buildServer.STARTUP - Using schema: PUBLIC
[2019-08-16 11:15:07,302]   INFO -  jetbrains.buildServer.STARTUP - Schema contains no tables.
[2019-08-16 11:15:07,302]   INFO -  jetbrains.buildServer.STARTUP - Creating database schema
[2019-08-16 11:15:07,671]   INFO -  jetbrains.buildServer.STARTUP - Using schema: PUBLIC
[2019-08-16 11:15:07,675]   INFO -  jetbrains.buildServer.STARTUP - Schema contains 152 tables.
[2019-08-16 11:15:07,676]   INFO -  jetbrains.buildServer.STARTUP - Database version is 898
[2019-08-16 11:15:07,695]   INFO -  jetbrains.buildServer.STARTUP - Created a new database.properties file with settings specified from Web UI.
[2019-08-16 11:15:07,695]   INFO -  jetbrains.buildServer.STARTUP - Current stage: Initializing TeamCity server components
[2019-08-16 11:15:07,756]   INFO -  jetbrains.buildServer.STARTUP - Starting the main application
[2019-08-16 11:15:07,827]   INFO - ebDispatcherApplicationContext - Refreshing TeamCity Root WebApplicationContext: startup date [Fri Aug 16 11:15:07 GMT 2019]; root of context hierarchy
[2019-08-16 11:15:07,894]   INFO - MainTeamCityApplicationContext - Refreshing WebApplicationContext for namespace 'buildServer-servlet': startup date [Fri Aug 16 11:15:07 GMT 2019]; parent: TeamCity Root WebApplicationContext
[2019-08-16 11:15:13,650]   INFO -   jetbrains.buildServer.SERVER - Loading test names index from database...
[2019-08-16 11:15:13,658]   INFO -   jetbrains.buildServer.SERVER - Finished loading test names index in 6ms. Tests in the index: 0
[2019-08-16 11:15:13,715]   INFO -   jetbrains.buildServer.SERVER - Build history cache size is set to 10000 entries
[2019-08-16 11:15:14,311]   INFO -   jetbrains.buildServer.SERVER - Start initializing build durations cache...
[2019-08-16 11:15:14,316]   INFO -   jetbrains.buildServer.SERVER - Finished initializing build durations cache, time spent: 5ms
[2019-08-16 11:15:15,193]   INFO -   jetbrains.buildServer.SERVER - Loading history of VCS changes...
[2019-08-16 11:15:15,234]   INFO -   jetbrains.buildServer.SERVER - Done loading history of VCS changes: 0 changes loaded in 40ms
[2019-08-16 11:15:17,866]   WARN -   jetbrains.buildServer.UPDATE - Auto update is disabled: not supported for the 'docker-ubuntu' distribution.
[2019-08-16 11:15:19,225]   INFO -   jetbrains.buildServer.SERVER - Applying memory thresholds for Memory Usage Monitor: storing 100 last measurements; time between measurements: 3000ms. Thresholds: {TC_TOTAL_MEMORY_USAGE_KEY=90.0, PS Old Gen=90.0}
[2019-08-16 11:15:24,125]   INFO - til.ChildSpringContextLoader$1 - Refreshing SubContext (BuildAgentUpgrade): startup date [Fri Aug 16 11:15:24 GMT 2019]; parent: WebApplicationContext for namespace 'buildServer-servlet'
[2019-08-16 11:15:24,211]   INFO -  jetbrains.buildServer.STARTUP - TeamCity Spring context contains 1538 beans
[2019-08-16 11:15:25,073]   INFO -  jetbrains.buildServer.STARTUP - TeamCity Spring context created in 17s,189ms
[2019-08-16 11:15:25,179]   INFO -   jetbrains.buildServer.SERVER - Root project configuration files created
[2019-08-16 11:15:25,189]   INFO - ojects.ProjectConfigFilesCache - Looking for all project configuration files in: /data/teamcity_server/datadir/config/projects
[2019-08-16 11:15:25,214]   INFO - ojects.ProjectConfigFilesCache - Found 2 project configuration files
[2019-08-16 11:15:25,215]   INFO - ojects.ProjectConfigFilesCache - Checking that project configuration files caches are up-to-date...
[2019-08-16 11:15:25,229]   INFO - ojects.ProjectConfigFilesCache - Found 1 projects with out of date configuration files caches
[2019-08-16 11:15:25,229]   INFO - ojects.ProjectConfigFilesCache - Start creating project configuration files caches for 1 projects...
[2019-08-16 11:15:25,249]   INFO - ojects.ProjectConfigFilesCache - Finished creating project configuration files caches for 1 projects
[2019-08-16 11:15:25,335]   INFO - ins.files.ServerPluginUnpacker - Unpacking zipped plugins from '/opt/teamcity/webapps/ROOT/WEB-INF/plugins'  to '/opt/teamcity/webapps/ROOT/WEB-INF/plugins/.unpacked'
[2019-08-16 11:15:27,083]   INFO -   jetbrains.buildServer.SERVER - Start pre-compiling JSP files...
[2019-08-16 11:15:30,450]   INFO - ins.files.ServerPluginUnpacker - Unpacking zipped plugins from '/data/teamcity_server/datadir/plugins'  to '/data/teamcity_server/datadir/system/caches/plugins.unpacked'
[2019-08-16 11:15:30,450]   INFO - rver.plugins.PluginManagerImpl - ===========================================================
[2019-08-16 11:15:30,450]   INFO - rver.plugins.PluginManagerImpl - Plugins initialization started...
[2019-08-16 11:15:30,450]   INFO - rver.plugins.PluginManagerImpl - Scanning plugins folders
[2019-08-16 11:15:30,450]   INFO - .plugins.files.JarSearcherBase - Scanning plugin folder: /opt/teamcity/webapps/ROOT/WEB-INF/plugins
[2019-08-16 11:15:30,650]   INFO - .plugins.files.JarSearcherBase - Scanning plugin folder: /data/teamcity_server/datadir/plugins
[2019-08-16 11:15:30,650]   INFO - ins.files.ServerPluginUnpacker - Unpacking zipped plugins from '/data/teamcity_server/datadir/plugins'  to '/data/teamcity_server/datadir/system/caches/plugins.unpacked'
[2019-08-16 11:15:30,705]   INFO - rver.plugins.PluginManagerImpl - Found 98 bundled plugins: [agent-system-info (ver:66342), agent.push (ver:66342), Ant (ver:66342), ant-net-tasks (ver:66342), Apache Ant (ver:66342), artifactsSizeStatistics (ver:66342), bugzilla (ver:66342), buildDurationStatisticsPlugin (ver:66342), clearcase (ver:66342), cloud-amazon (ver:66342), commandLineRunner (ver:66342), commit-status-publisher (ver:66342), configs-dsl (ver:66342), coverage (ver:66342), cvs (ver:66342), data-dir-browse (ver:66342), deploy-runner (ver:66342), docker-support (ver:66342), dotnet-tools (ver:66342), dotnet.cli (ver:66342), dotNetRunners (ver:66342), Duplicator (ver:66342), eclipse-plugin-distributor (ver:66342), email (ver:66342), environment-fetcher (ver:66342), feed (ver:66342), file-content-replacer (ver:66342), flaky-test-detector (ver:66342), FxCop (ver:66342), gant-tool (ver:66342), GAntRunner (ver:66342), golang (ver:66342), gradle-runner (ver:66342), idea-runner-runtime-libs (ver:66342), idea-tool (ver:66342), Inspection (ver:66342), intellij-plugin-distributor (ver:66342), investigations-auto-assigner (ver:66342), Ipr (ver:66342), jabber (ver:66342), Java Crashed detector (ver:66342), java-dowser (ver:66342), jetbrains.git (ver:66342), jira (ver:66342), jps-tool (ver:66342), jvm-update (ver:66342), ldap (ver:66342), Maven2 (ver:66342), mercurial (ver:66342), metarunner (ver:66342), nt-domain-login (ver:66342), nuget (ver:66342), overview-plugin (ver:66342), perfmon (ver:66342), perforce (ver:66342), powershell-runner (ver:66342), priority-queue (ver:66342), pull-requests (ver:66342), queue-pauser (ver:66342), rake-runner (ver:66342), remoteAccess (ver:66342), reset-password (ver:66342), rest-api (ver:66342), rest-api-2017.1 (ver:66342), rest-api-2017.2 (ver:66342), rest-api-6.0 (ver:66342), rest-api-7.0 (ver:66342), rest-api-8.1 (ver:66342), rest-api-9.0 (ver:66342), rest-api-9.1 (ver:66342), rest-api-contrib (ver:66342), rest-api-contrib-2017.1 (ver:66342), rest-api-contrib-2017.2 (ver:66342), rest-api-contrib-9.0 (ver:66342), rest-api-contrib-9.1 (ver:66342), s3-artifact-storage (ver:66342), sbt-runner (ver:66342), searchBuildByNumber (ver:66342), ssh-manager (ver:66342), stacktraces (ver:66342), starteam (ver:66342), svn (ver:66342), swabra (ver:66342), TeamCity.BitBucketIssues (ver:66342), TeamCity.GitHubIssues (ver:66342), TeamCity.SharedResources (ver:66342), tfs (ver:66342), unified-ui (ver:66342), usage-statistics (ver:66342), vault-vcs (ver:66342), visualstudiotest (ver:66342), vs-addin-distributor (ver:66342), vsphere (ver:66342), WindowsTray (ver:66342), WindowsTray-distributor (ver:66342), xcode-runner (ver:66342), xml-report-plugin (ver:66342), youtrack (ver:66342)]
[2019-08-16 11:15:30,987]   INFO - rver.plugins.PluginsCollection - Load shared classloader for 31 plugins [Ant, ant-net-tasks, Apache Ant, artifactsSizeStatistics, buildDurationStatisticsPlugin, clearcase, commandLineRunner, coverage, cvs, email, environment-fetcher, feed, gant-tool, GAntRunner, gradle-runner, intellij-plugin-distributor, jabber, Java Crashed detector, jps-tool, ldap, perfmon, priority-queue, remoteAccess, sbt-runner, searchBuildByNumber, stacktraces, starteam, swabra, WindowsTray, xml-report-plugin, youtrack]
[2019-08-16 11:15:31,039]   INFO - rver.plugins.PluginsCollection - Load standalone classloaders for 67 plugins [agent-system-info, agent.push, bugzilla, cloud-amazon, commit-status-publisher, configs-dsl, data-dir-browse, deploy-runner, docker-support, dotnet-tools, dotnet.cli, dotNetRunners, Duplicator, eclipse-plugin-distributor, file-content-replacer, flaky-test-detector, FxCop, golang, idea-runner-runtime-libs, idea-tool, Inspection, investigations-auto-assigner, Ipr, java-dowser, jetbrains.git, jira, jvm-update, Maven2, mercurial, metarunner, nt-domain-login, nuget, overview-plugin, perforce, powershell-runner, pull-requests, queue-pauser, rake-runner, reset-password, rest-api, rest-api-2017.1, rest-api-2017.2, rest-api-6.0, rest-api-7.0, rest-api-8.1, rest-api-9.0, rest-api-9.1, rest-api-contrib, rest-api-contrib-2017.1, rest-api-contrib-2017.2, rest-api-contrib-9.0, rest-api-contrib-9.1, s3-artifact-storage, ssh-manager, svn, TeamCity.BitBucketIssues, TeamCity.GitHubIssues, TeamCity.SharedResources, tfs, unified-ui, usage-statistics, vault-vcs, visualstudiotest, vs-addin-distributor, vsphere, WindowsTray-distributor, xcode-runner]
[2019-08-16 11:15:36,139]   INFO -   jetbrains.buildServer.SERVER - Creating new Lucene index (version.24): org.apache.lucene.store.NIOFSDirectory@/data/teamcity_server/datadir/system/caches/search lockFactory=org.apache.lucene.store.NativeFSLockFactory@15ea03bb
[2019-08-16 11:15:38,765]   INFO -   jetbrains.buildServer.SERVER - Restoring flaky tests status from finished builds started after: 2019-08-09 11:15:38.749
[2019-08-16 11:15:49,260]   INFO - e.RemoteMavenServerManagerImpl - Starting external maven service
[2019-08-16 11:15:50,494]   INFO - e.RemoteMavenServerManagerImpl - Remote server is connected.
[2019-08-16 11:15:53,813]   INFO - rver.plugins.PluginManagerImpl - Plugins initialization completed (98 plugins loaded): [agent-system-info (ver:66342), agent.push (ver:66342), Ant (ver:66342), ant-net-tasks (ver:66342), Apache Ant (ver:66342), artifactsSizeStatistics (ver:66342), bugzilla (ver:66342), buildDurationStatisticsPlugin (ver:66342), clearcase (ver:66342), cloud-amazon (ver:66342), commandLineRunner (ver:66342), commit-status-publisher (ver:66342), configs-dsl (ver:66342), coverage (ver:66342), cvs (ver:66342), data-dir-browse (ver:66342), deploy-runner (ver:66342), docker-support (ver:66342), dotnet-tools (ver:66342), dotnet.cli (ver:66342), dotNetRunners (ver:66342), Duplicator (ver:66342), eclipse-plugin-distributor (ver:66342), email (ver:66342), environment-fetcher (ver:66342), feed (ver:66342), file-content-replacer (ver:66342), flaky-test-detector (ver:66342), FxCop (ver:66342), gant-tool (ver:66342), GAntRunner (ver:66342), golang (ver:66342), gradle-runner (ver:66342), idea-runner-runtime-libs (ver:66342), idea-tool (ver:66342), Inspection (ver:66342), intellij-plugin-distributor (ver:66342), investigations-auto-assigner (ver:66342), Ipr (ver:66342), jabber (ver:66342), Java Crashed detector (ver:66342), java-dowser (ver:66342), jetbrains.git (ver:66342), jira (ver:66342), jps-tool (ver:66342), jvm-update (ver:66342), ldap (ver:66342), Maven2 (ver:66342), mercurial (ver:66342), metarunner (ver:66342), nt-domain-login (ver:66342), nuget (ver:66342), overview-plugin (ver:66342), perfmon (ver:66342), perforce (ver:66342), powershell-runner (ver:66342), priority-queue (ver:66342), pull-requests (ver:66342), queue-pauser (ver:66342), rake-runner (ver:66342), remoteAccess (ver:66342), reset-password (ver:66342), rest-api (ver:66342), rest-api-2017.1 (ver:66342), rest-api-2017.2 (ver:66342), rest-api-6.0 (ver:66342), rest-api-7.0 (ver:66342), rest-api-8.1 (ver:66342), rest-api-9.0 (ver:66342), rest-api-9.1 (ver:66342), rest-api-contrib (ver:66342), rest-api-contrib-2017.1 (ver:66342), rest-api-contrib-2017.2 (ver:66342), rest-api-contrib-9.0 (ver:66342), rest-api-contrib-9.1 (ver:66342), s3-artifact-storage (ver:66342), sbt-runner (ver:66342), searchBuildByNumber (ver:66342), ssh-manager (ver:66342), stacktraces (ver:66342), starteam (ver:66342), svn (ver:66342), swabra (ver:66342), TeamCity.BitBucketIssues (ver:66342), TeamCity.GitHubIssues (ver:66342), TeamCity.SharedResources (ver:66342), tfs (ver:66342), unified-ui (ver:66342), usage-statistics (ver:66342), vault-vcs (ver:66342), visualstudiotest (ver:66342), vs-addin-distributor (ver:66342), vsphere (ver:66342), WindowsTray (ver:66342), WindowsTray-distributor (ver:66342), xcode-runner (ver:66342), xml-report-plugin (ver:66342), youtrack (ver:66342)]
[2019-08-16 11:15:53,817]   INFO - rver.plugins.PluginManagerImpl - ===========================================================
[2019-08-16 11:15:53,822]   INFO -   jetbrains.buildServer.SERVER - TeamCity plugins loaded in 28s,489ms
[2019-08-16 11:16:00,561]   INFO -   jetbrains.buildServer.SERVER - Start loading server configuration...
[2019-08-16 11:16:00,716]   INFO -  jetbrains.buildServer.CLEANUP - Max cleanup duration is set to 0 seconds
[2019-08-16 11:16:00,718]   INFO -  jetbrains.buildServer.CLEANUP - Cleanup time has been set to 3:00 daily
[2019-08-16 11:16:00,732]   INFO -  jetbrains.buildServer.CLEANUP - The next cleanup time is 2019-08-17 03:00:00.000
[2019-08-16 11:16:00,733]   INFO -  jetbrains.buildServer.CLEANUP - Cleanup is enabled
[2019-08-16 11:16:01,021]   INFO -   jetbrains.buildServer.SERVER - Parsing 2 configuration files...
[2019-08-16 11:16:01,123]   INFO -   jetbrains.buildServer.SERVER - Loading data from parsed configuration files...
[2019-08-16 11:16:01,767]   INFO - serverSide.impl.BuildQueueImpl - Build queue loaded: 0 builds
[2019-08-16 11:16:01,770]   INFO -   jetbrains.buildServer.SERVER - Server configuration loaded in: 1s,206ms
[2019-08-16 11:16:02,180]   INFO - r.configs.dsl.DslPluginManager - Plugin sources are packed in 299ms
[2019-08-16 11:16:17,018]   INFO -   jetbrains.buildServer.SERVER - TeamCity initialized, server UUID: ae653267-eadd-4c93-83c0-5754a5f0d6db, URL: http://localhost
[2019-08-16 11:16:17,019]   INFO -   jetbrains.buildServer.SERVER - TeamCity is running in professional mode
[2019-08-16 11:16:17,019]   INFO - utors.DeferringExecutorService - 0 commands sent to execution
[2019-08-16 11:16:17,019]   INFO - utors.DeferringExecutorService - 0 commands sent to execution
[2019-08-16 11:16:17,072]   INFO - utors.DeferringExecutorService - 4 commands sent to execution
[2019-08-16 11:16:17,094]   INFO - utors.DeferringExecutorService - 3 commands sent to execution
[2019-08-16 11:16:17,094]   INFO - utors.DeferringExecutorService - 0 commands sent to execution
[2019-08-16 11:16:17,094]   INFO - utors.DeferringExecutorService - 0 commands sent to execution
[2019-08-16 11:16:17,120]   INFO -   jetbrains.buildServer.SERVER - Start pre-fetching changes for 0 build configurations...
[2019-08-16 11:16:17,122]   INFO -   jetbrains.buildServer.SERVER - Done pre-fetching changes for 0 build configurations in 1ms
[2019-08-16 11:16:17,122]   INFO -   jetbrains.buildServer.SERVER - Start calculating branches for 0 build configurations...
[2019-08-16 11:16:17,122]   INFO -   jetbrains.buildServer.SERVER - Done calculating branches for 0 build configurations (0 branches found) in < 1ms
[2019-08-16 11:16:17,122]   INFO -   jetbrains.buildServer.SERVER - Start calculating status for 0 build configurations...
[2019-08-16 11:16:17,122]   INFO -   jetbrains.buildServer.SERVER - Done calculating branches for 0 build configurations in < 1ms
[2019-08-16 11:16:17,122]   INFO -   jetbrains.buildServer.SERVER - Start prefetching build statistic metrics for 0 build configurations...
[2019-08-16 11:16:17,123]   INFO -   jetbrains.buildServer.SERVER - Done prefetching build statistic metrics for 0 build configurations in < 1ms
[2019-08-16 11:16:17,136]   INFO -   jetbrains.buildServer.SERVER - Flaky test detector: 0 historical test invocations in 0 builds replayed in < 1ms (sql queries executed in < 1ms); 0 test invocations ignored (0%)
[2019-08-16 11:16:17,136]   INFO -   jetbrains.buildServer.SERVER - Flaky test detector: started processing tests queue. Current deferring tests count: 0
[2019-08-16 11:16:17,136]   INFO -   jetbrains.buildServer.SERVER - Flaky test detector: finished processing deferred tests queue
[2019-08-16 11:16:17,336]   INFO -   jetbrains.buildServer.SERVER - Super user authentication token: 3527666669213313873 (use empty username with the token as the password to access the server)
[2019-08-16 11:16:17,364]   INFO - .agent.AgentZipVersionProvider - Build agent distribution '/opt/teamcity/webapps/ROOT/update/buildAgent.zip' state initialized. Last modified: 30.07.2019 13:58:10, size: 19150615
[2019-08-16 11:16:17,366]   INFO -   jetbrains.buildServer.SERVER - Start loading test runs for investigations and mutes into cache...
[2019-08-16 11:16:17,418]   INFO - projects.ProjectEventsNotifier - Detected 1 possibly modified projects on disk, will generate projectConfigChanged events for all of them
[2019-08-16 11:16:17,433]   INFO - projects.ProjectEventsNotifier - Adding event 'projectConfigChanged' for project '_Root'
[2019-08-16 11:16:17,445]   INFO -   jetbrains.buildServer.SERVER - Done loading test runs. Loaded 0 tests in 0 scopes in 77ms, cache size: 0, failed test runs: 0, successful test runs: 0
[2019-08-16 11:16:17,476]   INFO -   jetbrains.buildServer.SERVER - Start loading "failed to start" build configuration errors in background
[2019-08-16 11:16:17,480]   INFO -   jetbrains.buildServer.SERVER - Done loading "failed to start" build configuration errors: loaded 0 problems in 3ms
[2019-08-16 11:16:17,619]   INFO - ority.PriorityClassManagerImpl - Loading priority classes from the configuration file: /data/teamcity_server/datadir/config/build-queue-priorities.xml
[2019-08-16 11:16:17,625]   INFO -   jetbrains.buildServer.SERVER - Ordering strategy changed to jetbrains.buildServer.serverSide.priority.BuildQueuePriorityOrdering
[2019-08-16 11:16:17,642]   INFO - verSide.impl.BuildServerRunner - Start daemons
[2019-08-16 11:16:17,679]   INFO - tbrains.buildServer.ACTIVITIES - Server Started
[2019-08-16 11:16:17,697]   INFO -  jetbrains.buildServer.STARTUP - Startup duration: 3m:22s
[2019-08-16 11:16:17,697]   INFO -  jetbrains.buildServer.STARTUP - Current stage: System is ready
[2019-08-16 11:16:18,054]   INFO - .agent.AgentZipVersionProvider - Build agent distribution version is set to 66342, hash=SHA-1k3wnO+SxKTawHrZxA3Q2Z8KpvVI=
[2019-08-16 11:16:33,989]   INFO - nt.AgentPluginsVersionProvider - State of agent plugin packages is initialized in 15s,902ms: new plugin 'JetBrains.dotCover.CommandLineTools.bundled.zip' file: '/opt/teamcity/webapps/ROOT/WEB-INF/plugins/dotNetRunners/bundled-tools/JetBrains.dotCover.CommandLineTools.bundled.zip', hash: 'SHA-1mkclrN1Cq0lg1MWTCb/R/7ZdSXE='; new plugin 'agentSystemInfo.zip' file: '/opt/teamcity/webapps/ROOT/WEB-INF/plugins/.unpacked/agentSystemInfo/agent/agentSystemInfo.zip', hash: 'SHA-1nQr2jDyfX/2dgo2wGLA1i63CBXI='; new plugin 'amazonEC2.zip' file: '/opt/teamcity/webapps/ROOT/WEB-INF/plugins/cloud-amazon/agent/amazonEC2.zip', hash: 'SHA-1rEsBH4cIEy8yCPtX5v0G065xw+8='; new plugin 'ant-net-tasks.zip' file: '/opt/teamcity/webapps/ROOT/WEB-INF/plugins/ant-net-tasks/agent/ant-net-tasks.zip', hash: 'SHA-1GSYCtx/mVg0i3c86/jTaaZCntx8='; new plugin 'ant.zip' file: '/opt/teamcity/webapps/ROOT/WEB-INF/plugins/ant-tool/agent/ant.zip', hash: 'SHA-14VlDan9B0xuF2oV4OUphFdCQ+n0='; new plugin 'antPlugin.zip' file: '/opt/teamcity/webapps/ROOT/WEB-INF/plugins/ant/agent/antPlugin.zip', hash: 'SHA-15rp2Cy5xFuqK+R4ozF3BKvmyJzo='; new plugin 'clearcase-agent.zip' file: '/opt/teamcity/webapps/ROOT/WEB-INF/plugins/.unpacked/clearcase/agent/clearcase-agent.zip', hash: 'SHA-1G8qb0atKdRT2WVHTI39cvZ5Hyrw='; new plugin 'cloud-vmware-agent.zip' file: '/opt/teamcity/webapps/ROOT/WEB-INF/plugins/.unpacked/cloud-vmware/agent/cloud-vmware-agent.zip', hash: 'SHA-1CwhRIkumIMZBDnsQTVbM+34a/d4='; new plugin 'commandLineRunner.jar' file: '/opt/teamcity/webapps/ROOT/WEB-INF/plugins/commandLineRunner/agent/commandLineRunner.jar', hash: 'SHA-1Qx5F4NZzLpvqJXqdsORe5Ojf5z0='; new plugin 'coveragePlugin.zip' file: '/opt/teamcity/webapps/ROOT/WEB-INF/plugins/coverage/agent/coveragePlugin.zip', hash: 'SHA-1drSOYO42/8RXFJbPJkgQgXEOe2c='; new plugin 'crashDetector.zip' file: '/opt/teamcity/webapps/ROOT/WEB-INF/plugins/crash-detector/agent/crashDetector.zip', hash: 'SHA-1eU/rUo5F02BuzvBqoW8UnQiSgiE='; new plugin 'cvsAgent.zip' file: '/opt/teamcity/webapps/ROOT/WEB-INF/plugins/cvs-support/agent/cvsAgent.zip', hash: 'SHA-1PiirVa/C3AoJqZKIkwRKFs3tuW4='; new plugin 'deploy-runner-agent.zip' file: '/opt/teamcity/webapps/ROOT/WEB-INF/plugins/.unpacked/deploy-runner/agent/deploy-runner-agent.zip', hash: 'SHA-1KNxZUgnF1Il73iqereEIPCWReLI='; new plugin 'docker-support.zip' file: '/opt/teamcity/webapps/ROOT/WEB-INF/plugins/.unpacked/docker-support/agent/docker-support.zip', hash: 'SHA-1ZGYKKgkstU7ZHsNHC9Wi6ra8zvo='; new plugin 'dotNetPlugin.zip' file: '/opt/teamcity/webapps/ROOT/WEB-INF/plugins/dotNetRunners/agent/dotNetPlugin.zip', hash: 'SHA-1KF8aa2HccuQuwspztwd7QZ8legg='; new plugin 'dotNetRunners.zip' file: '/opt/teamcity/webapps/ROOT/WEB-INF/plugins/dotNetRunners/agent/dotNetRunners.zip', hash: 'SHA-174Z45s7ZTp7pgJpoOSgjR/4n8pU='; new plugin 'dotnet-tools-agent.zip' file: '/opt/teamcity/webapps/ROOT/WEB-INF/plugins/.unpacked/dotnet-tools/agent/dotnet-tools-agent.zip', hash: 'SHA-1HfEbwdU5GKy1odtanMpV8VbaXaI='; new plugin 'dotnet.cli.zip' file: '/opt/teamcity/webapps/ROOT/WEB-INF/plugins/.unpacked/dotnet.cli/agent/dotnet.cli.zip', hash: 'SHA-1NS3b3FbyLlmdu0ymeu9kAnk6VOY='; new plugin 'duplicatePlugin.zip' file: '/opt/teamcity/webapps/ROOT/WEB-INF/plugins/Duplicator/agent/duplicatePlugin.zip', hash: 'SHA-1nT77Z2mUb6P1Z2paWGn6+HfkElA='; new plugin 'environment-fetcher-agent.jar' file: '/opt/teamcity/webapps/ROOT/WEB-INF/plugins/environment-fetcher/agent/environment-fetcher-agent.jar', hash: 'SHA-1+oqppfcJY6CTmCXgfSdJ/Nsh2FQ='; new plugin 'file-content-replacer.zip' file: '/opt/teamcity/webapps/ROOT/WEB-INF/plugins/file-content-replacer/agent/file-content-replacer.zip', hash: 'SHA-1cQQZ1nEGs/PYvsSYbL87esTWB18='; new plugin 'fxcop.zip' file: '/opt/teamcity/webapps/ROOT/WEB-INF/plugins/.unpacked/fxcop/agent/fxcop.zip', hash: 'SHA-1AB+uOKsWEmRa8/4Wmw3C+YpOniA='; new plugin 'gant.zip' file: '/opt/teamcity/webapps/ROOT/WEB-INF/plugins/gant-tool/agent/gant.zip', hash: 'SHA-1ZWxQvvFnI+em0AQsnhghnmu8CL8='; new plugin 'gantPlugin.zip' file: '/opt/teamcity/webapps/ROOT/WEB-INF/plugins/gantRunner/agent/gantPlugin.zip', hash: 'SHA-1S/siZF4XkrnjCAFG5icAMWE72BU='; new plugin 'golang-agent.zip' file: '/opt/teamcity/webapps/ROOT/WEB-INF/plugins/.unpacked/golang/agent/golang-agent.zip', hash: 'SHA-1PClzqXSJNKcqUJGH5/dL6Dc7+Ns='; new plugin 'gradle-runner.zip' file: '/opt/teamcity/webapps/ROOT/WEB-INF/plugins/gradle/agent/gradle-runner.zip', hash: 'SHA-1o7dW96Ipyp22FJRnzcPtp92J4m8='; new plugin 'idea-runner-runtime-libs.zip' file: '/opt/teamcity/webapps/ROOT/WEB-INF/plugins/idea-runner-runtime-libs/agent/idea-runner-runtime-libs.zip', hash: 'SHA-1OaNt37L4KDl+oPc2sodo3kjF6QE='; new plugin 'idea-runner.zip' file: '/opt/teamcity/webapps/ROOT/WEB-INF/plugins/ipr-runner/agent/idea-runner.zip', hash: 'SHA-1jEwOFwZ7ul4IXyVonU3GY2st+bI='; new plugin 'idea.zip' file: '/opt/teamcity/webapps/ROOT/WEB-INF/plugins/idea-tool/bundled/idea.zip', hash: 'SHA-1LjxUJGNNMomOlYt+kB3k5LIp7OQ='; new plugin 'inspectionPlugin.zip' file: '/opt/teamcity/webapps/ROOT/WEB-INF/plugins/server-side-inspections/agent/inspectionPlugin.zip', hash: 'SHA-1Sj09qj6vGdrexym3TvykW2HdivY='; new plugin 'jacoco.0.7.5.zip' file: '/opt/teamcity/webapps/ROOT/WEB-INF/plugins/coverage/bundled/jacoco.0.7.5.zip', hash: 'SHA-1ibavHabbBiSN7a4/LcbFrNhAI8I='; new plugin 'jacoco.0.8.2.zip' file: '/opt/teamcity/webapps/ROOT/WEB-INF/plugins/coverage/bundled/jacoco.0.8.2.zip', hash: 'SHA-1ZTGpBaxJss/h6AaFcoWqnSiZXFM='; new plugin 'jacoco.0.8.4.zip' file: '/opt/teamcity/webapps/ROOT/WEB-INF/plugins/coverage/bundled/jacoco.0.8.4.zip', hash: 'SHA-1mU7sbIt6oWm+VitUwYlrymBp1H4='; new plugin 'java-dowser.zip' file: '/opt/teamcity/webapps/ROOT/WEB-INF/plugins/java-dowser/agent/java-dowser.zip', hash: 'SHA-1bS4P6z0UgaH5fgOyaN+N20VVsos='; new plugin 'jetbrains.git.zip' file: '/opt/teamcity/webapps/ROOT/WEB-INF/plugins/.unpacked/jetbrains.git/agent/jetbrains.git.zip', hash: 'SHA-10ZAI1qog8/7/r+kn6r2xQhRaD1I='; new plugin 'jetbrains.resharper-clt.bundled.zip' file: '/opt/teamcity/webapps/ROOT/WEB-INF/plugins/.unpacked/dotnet-tools/server/bundled-tool/jetbrains.resharper-clt.bundled.zip', hash: 'SHA-1u0gUYkkwwHsr37bsFo3v5hBvsNY='; new plugin 'jps.zip' file: '/opt/teamcity/webapps/ROOT/WEB-INF/plugins/jps-tool/agent/jps.zip', hash: 'SHA-1+UZBXyideljaI3k65gFI54l3mCk='; new plugin 'junitPlugin.zip' file: '/opt/teamcity/webapps/ROOT/WEB-INF/plugins/ant/agent/junitPlugin.zip', hash: 'SHA-1azAi6lQfU9ssimzCBtoIqfo8Ry4='; new plugin 'jvm-update.zip' file: '/opt/teamcity/webapps/ROOT/WEB-INF/plugins/jvm-update/agent/jvm-update.zip', hash: 'SHA-1et7axuNDtleITGFnqV/NOKePkGU='; new plugin 'maven.zip' file: '/opt/teamcity/webapps/ROOT/WEB-INF/plugins/Maven2/bundled-tools/maven.zip', hash: 'SHA-1Cgufvv/fZxZoInPqVZh8m1oBLHA='; new plugin 'maven3.zip' file: '/opt/teamcity/webapps/ROOT/WEB-INF/plugins/Maven2/bundled-tools/maven3.zip', hash: 'SHA-1WyE6ww8JFNRn7vHobyZ+hxwR+x8='; new plugin 'maven3_1.zip' file: '/opt/teamcity/webapps/ROOT/WEB-INF/plugins/Maven2/bundled-tools/maven3_1.zip', hash: 'SHA-1UYYRR2CaD+FgP3THZ9Ik+a+Ty1A='; new plugin 'maven3_2.zip' file: '/opt/teamcity/webapps/ROOT/WEB-INF/plugins/Maven2/bundled-tools/maven3_2.zip', hash: 'SHA-1eY2PmQ8vGbK/ROQhLfu2rzxz3Ok='; new plugin 'maven3_3.zip' file: '/opt/teamcity/webapps/ROOT/WEB-INF/plugins/Maven2/bundled-tools/maven3_3.zip', hash: 'SHA-1qNxo+22RJTGiKf71/Irfum+16DQ='; new plugin 'maven3_5.zip' file: '/opt/teamcity/webapps/ROOT/WEB-INF/plugins/Maven2/bundled-tools/maven3_5.zip', hash: 'SHA-1mSkl6w9vYUqH8ugZRoLXc76qBQ8='; new plugin 'mavenPlugin.zip' file: '/opt/teamcity/webapps/ROOT/WEB-INF/plugins/Maven2/agent/mavenPlugin.zip', hash: 'SHA-1N+FGk7OA8/me5B1nEffBOi5sSOY='; new plugin 'mercurial.zip' file: '/opt/teamcity/webapps/ROOT/WEB-INF/plugins/.unpacked/mercurial/agent/mercurial.zip', hash: 'SHA-1s0vuio9f1elj25unh5Ta8zN+H+0='; new plugin 'meta-runner.zip' file: '/opt/teamcity/webapps/ROOT/WEB-INF/plugins/meta-runner/agent/meta-runner.zip', hash: 'SHA-1Qd8PeivJBgwYLzEtUP7y/vztAlY='; new plugin 'nuget-agent.zip' file: '/opt/teamcity/webapps/ROOT/WEB-INF/plugins/.unpacked/dotNetPackagesSupport/agent/nuget-agent.zip', hash: 'SHA-1Zru+KI6+OZz2V3/yCVJm2/hCdRk='; new plugin 'perfmon-agent.zip' file: '/opt/teamcity/webapps/ROOT/WEB-INF/plugins/.unpacked/perfmon/agent/perfmon-agent.zip', hash: 'SHA-1B3Sen0CIul0MSZYXHEK4Om8o1Ds='; new plugin 'perforce-agent.zip' file: '/opt/teamcity/webapps/ROOT/WEB-INF/plugins/perforce/agent/perforce-agent.zip', hash: 'SHA-1Jw/XmcmtchEs6y7AEoHxxRsnxIk='; new plugin 'powershell-agent.zip' file: '/opt/teamcity/webapps/ROOT/WEB-INF/plugins/.unpacked/powershell/agent/powershell-agent.zip', hash: 'SHA-1Sc5DbQPONH4aX9zndnGWVomOG6I='; new plugin 'rake-runner.zip' file: '/opt/teamcity/webapps/ROOT/WEB-INF/plugins/.unpacked/rake-runner/agent/rake-runner.zip', hash: 'SHA-10znoDIXk7lLo5b02DlsI7ZpL6Is='; new plugin 'remoteAccess.zip' file: '/opt/teamcity/webapps/ROOT/WEB-INF/plugins/remoteAccess/agent/remoteAccess.zip', hash: 'SHA-1qXpFp2bqYKsC8g0Bf9ck1ucKWuM='; new plugin 's3-artifact-storage-agent.zip' file: '/opt/teamcity/webapps/ROOT/WEB-INF/plugins/.unpacked/s3-artifact-storage/agent/s3-artifact-storage-agent.zip', hash: 'SHA-1YgEB+CB0ZXE63YlAnQI2d+XO9Hg='; new plugin 'sbt-runner-agent.zip' file: '/opt/teamcity/webapps/ROOT/WEB-INF/plugins/.unpacked/sbt-runner/agent/sbt-runner-agent.zip', hash: 'SHA-1ph7TnbZjf4/S6HY7ztt2zaVTuto='; new plugin 'ssh-manager.jar' file: '/opt/teamcity/webapps/ROOT/WEB-INF/plugins/ssh-manager/agent/ssh-manager.jar', hash: 'SHA-1wiIPaXOk3Rl6OQ0WV8BeL6gzfXI='; new plugin 'stacktracesPlugin.zip' file: '/opt/teamcity/webapps/ROOT/WEB-INF/plugins/stacktraces/agent/stacktracesPlugin.zip', hash: 'SHA-1s2WUVyDF6kfqcbKL+0W+0nq7FZk='; new plugin 'svnAgent.zip' file: '/opt/teamcity/webapps/ROOT/WEB-INF/plugins/svn/agent/svnAgent.zip', hash: 'SHA-1lwizQQER9ki4LzdSpyuDfhqAvaQ='; new plugin 'swabra.zip' file: '/opt/teamcity/webapps/ROOT/WEB-INF/plugins/.unpacked/swabra/agent/swabra.zip', hash: 'SHA-16JPziZ5FHQtGHZ+g1gofLkl7n5w='; new plugin 'testNGPlugin.zip' file: '/opt/teamcity/webapps/ROOT/WEB-INF/plugins/ant/agent/testNGPlugin.zip', hash: 'SHA-17tlB/Hn8HMs26BzdaKQyiQzCF6w='; new plugin 'tfs-agent.zip' file: '/opt/teamcity/webapps/ROOT/WEB-INF/plugins/tfs/agent/tfs-agent.zip', hash: 'SHA-1v688YVRqN/nxTgQ7NXNlLjZ1PuA='; new plugin 'visualstudiotest-agent.zip' file: '/opt/teamcity/webapps/ROOT/WEB-INF/plugins/visualstudiotest/agent/visualstudiotest-agent.zip', hash: 'SHA-1r3pUpOw6sDVRNfZVEjz32iCZKaQ='; new plugin 'xcode-runner.zip' file: '/opt/teamcity/webapps/ROOT/WEB-INF/plugins/.unpacked/xcode-runner/agent/xcode-runner.zip', hash: 'SHA-1kGJp61T3MuCyRDDQ2KRkbm5wYoY='; new plugin 'xml-report-plugin.zip' file: '/opt/teamcity/webapps/ROOT/WEB-INF/plugins/.unpacked/xml-report-plugin/agent/xml-report-plugin.zip', hash: 'SHA-1OUgwDb2lNsEDodPi0AO+jsYzMGg='
[2019-08-16 11:16:35,285]   INFO -    jetbrains.buildServer.AGENT - New agent authorization token "e201e98f76e04f9eefcaebafea2ce1d3" was generated for agent "agent_first" {id=1}
[2019-08-16 11:16:35,312]   INFO -    jetbrains.buildServer.AGENT - Upgrade of agent "agent_first" {id=1} has been scheduled, agent version: 66342, plugins signature: NA. Current version: 66342, plugins signature: 66342-md5-6317c3f717266dc0e76eadc2c6ef9a21
[2019-08-16 11:16:35,382]   INFO -    jetbrains.buildServer.AGENT - Agent has been registered: "agent_first" {id=1, protocol=unidirectional, host=172.18.0.3:9090, agentTypeId=1, pool=Default, registered since 2019-08-16 11:16:35.258}, not running a build
[2019-08-16 11:16:35,399]   INFO - ldServer.AGENT.PollingProtocol - Polling Agent session 'vku73XH...' was created, agent: "agent_first" {id=1}
[2019-08-16 11:16:35,526]   WARN -    jetbrains.buildServer.AGENT - Agent "agent_first" {id=1} is unauthorized on registration
[2019-08-16 11:16:36,037]   INFO -    jetbrains.buildServer.AGENT - Agent "agent_first" {id=1} has confirmed upgrade.
[2019-08-16 11:16:36,564]   INFO - ldServer.AGENT.PollingProtocol - Polling Agent session 'vku73XH...' was closed, agent: "agent_first" {id=1}
[2019-08-16 11:16:36,580]   INFO -    jetbrains.buildServer.AGENT - Agent "agent_first" {id=1} has been unregistered. Reason: Agent has unregistered (will upgrade)
[2019-08-16 11:17:07,848]   INFO -   jetbrains.buildServer.SERVER - Start loading cache of build committers...
[2019-08-16 11:17:07,886]   INFO -   jetbrains.buildServer.SERVER - Done loading cache of build committers
[2019-08-16 11:17:07,830]   INFO - tbrains.buildServer.ACTIVITIES - New user created: 'anton' {id=1}
[2019-08-16 11:17:09,106]   INFO -   jetbrains.buildServer.SERVER - Loading roles from the configuration file: /data/teamcity_server/datadir/config/roles-config.xml
[2019-08-16 11:17:25,291]   INFO -   jetbrains.buildServer.SERVER - JSP pre-compilation failed: http://server:8111/project/_buildsScheduleForm.jspf?jsp_precompile=true after 6 attempts, tried the following URLs: http://server:8111/project/_buildsScheduleForm.jspf?jsp_precompile=true, http://172.18.0.2:8111/project/_buildsScheduleForm.jspf?jsp_precompile=true (enable debug for more details)
[2019-08-16 11:17:32,156]   INFO -    jetbrains.buildServer.AGENT - Agent has been registered: "agent_first" {id=1, protocol=unidirectional, host=172.18.0.3:9090, agentTypeId=1, pool=Default, registered since 2019-08-16 11:17:31.841}, not running a build
[2019-08-16 11:17:32,185]   INFO - ldServer.AGENT.PollingProtocol - Polling Agent session 'rgMiF1T...' was created, agent: "agent_first" {id=1}
[2019-08-16 11:17:32,260]   WARN -    jetbrains.buildServer.AGENT - Agent "agent_first" {id=1} is unauthorized on registration
[2019-08-16 11:18:04,690]   INFO -   jetbrains.buildServer.SERVER - JSP pre-compilation failed: http://server:8111/project/_issueTrackerDisplay.jspf?jsp_precompile=true after 6 attempts, tried the following URLs: http://server:8111/project/_issueTrackerDisplay.jspf?jsp_precompile=true, http://172.18.0.2:8111/project/_issueTrackerDisplay.jspf?jsp_precompile=true (enable debug for more details)
[2019-08-16 11:18:12,745]   INFO - r.configs.dsl.DslPluginManager - Plugins dsl compiled in 2m:10s,556ms
[2019-08-16 11:18:39,764]   INFO -   jetbrains.buildServer.SERVER - JSP pre-compilation finished, pre-compiled 828 files in 3m:12s,680ms
[2019-08-16 11:19:30,690]   INFO - s.buildServer.ACTIVITIES.AUDIT - project_edit_settings: "<Root project> {id=_Root, internal id=_Root}" project settings were edited ("version before: 1, version after: 2") by "'anton' (Anton Nichaienko) {id=1}" with comment "Connection added"
[2019-08-16 11:19:33,321]   INFO - r.configs.dsl.DslPluginManager - DSL documentation (http://172.20.99.242:8111/app/dsl-documentation/index.html) generated in 80500ms
[2019-08-16 11:19:48,961]   INFO - projects.ProjectEventsNotifier - Processing projectPersisted for _Root
[2019-08-16 11:19:48,963]   INFO - projects.ProjectEventsNotifier - Adding event 'projectConfigChanged' for project '_Root'
[2019-08-16 11:19:48,964]   INFO - ojects.ProjectConfigFilesCache - Start creating project configuration files caches for 1 projects...
[2019-08-16 11:19:48,966]   INFO - ojects.ProjectConfigFilesCache - Finished creating project configuration files caches for 1 projects
[2019-08-16 11:20:47,909]   INFO - s.buildServer.ACTIVITIES.AUDIT - project_edit_settings: "<Root project> {id=_Root, internal id=_Root}" project settings were edited ("version before: 2, version after: 3") by "'anton' (Anton Nichaienko) {id=1}" with comment "Connection updated"
[2019-08-16 11:20:57,966]   INFO - projects.ProjectEventsNotifier - Processing projectPersisted for _Root
[2019-08-16 11:20:57,966]   INFO - projects.ProjectEventsNotifier - Adding event 'projectConfigChanged' for project '_Root'
[2019-08-16 11:20:57,967]   INFO - ojects.ProjectConfigFilesCache - Start creating project configuration files caches for 1 projects...
[2019-08-16 11:20:57,968]   INFO - ojects.ProjectConfigFilesCache - Finished creating project configuration files caches for 1 projects
[2019-08-16 11:21:41,797]   INFO - s.buildServer.ACTIVITIES.AUDIT - project_edit_settings: "<Root project> {id=_Root, internal id=_Root}" project settings were edited ("version before: 3, version after: 4") by "'anton' (Anton Nichaienko) {id=1}" with comment "Connection updated"
[2019-08-16 11:21:51,969]   INFO - projects.ProjectEventsNotifier - Processing projectPersisted for _Root
[2019-08-16 11:21:51,969]   INFO - projects.ProjectEventsNotifier - Adding event 'projectConfigChanged' for project '_Root'
[2019-08-16 11:21:51,970]   INFO - ojects.ProjectConfigFilesCache - Start creating project configuration files caches for 1 projects...
[2019-08-16 11:21:51,971]   INFO - ojects.ProjectConfigFilesCache - Finished creating project configuration files caches for 1 projects
[2019-08-16 11:24:52,759]   INFO - s.buildServer.ACTIVITIES.AUDIT - project_create: Project "GitDevOps03 {id=GitDevOps03, internal id=project1}" was created by "'anton' (Anton Nichaienko) {id=1}"
[2019-08-16 11:24:52,792]   INFO - s.buildServer.ACTIVITIES.AUDIT - vcs_root_create: VCS root ""https://github.com/silent-ua/GitDevOps03.git#refs/heads/master" {internal id=1, id=GitDevOps03_HttpsGithubComSilentUaGitDevOps03gitRefsHeadsMaster, description: "https://github.com/silent-ua/GitDevOps03.git#refs/heads/master"}" was created by "'anton' (Anton Nichaienko) {id=1}" with comment "In project: GitDevOps03"
[2019-08-16 11:24:53,000]   INFO - s.buildServer.ACTIVITIES.AUDIT - build_type_create: "GitDevOps03 / TC-Build {id=GitDevOps03_TcBuild, internal id=bt1}" was created by "'anton' (Anton Nichaienko) {id=1}"
[2019-08-16 11:25:03,977]   INFO - projects.ProjectEventsNotifier - Processing projectCreated for GitDevOps03
[2019-08-16 11:25:03,977]   INFO - projects.ProjectEventsNotifier - Adding event 'projectConfigChanged' for project 'GitDevOps03'
[2019-08-16 11:25:03,988]   INFO - ojects.ProjectConfigFilesCache - Start creating project configuration files caches for 1 projects...
[2019-08-16 11:25:03,991]   INFO - ojects.ProjectConfigFilesCache - Finished creating project configuration files caches for 1 projects
[2019-08-16 11:27:12,475]   INFO - s.buildServer.ACTIVITIES.AUDIT - project_edit_settings: "GitDevOps03 {id=GitDevOps03, internal id=project1}" project settings were edited ("version before: 1, version after: 2") by "'anton' (Anton Nichaienko) {id=1}" with comment "New GitHub issue tracker with name silent-ua/GitDevOps03 was created"
[2019-08-16 11:27:24,983]   INFO - projects.ProjectEventsNotifier - Processing projectPersisted for GitDevOps03
[2019-08-16 11:27:24,983]   INFO - projects.ProjectEventsNotifier - Adding event 'projectConfigChanged' for project 'GitDevOps03'
[2019-08-16 11:27:24,984]   INFO - ojects.ProjectConfigFilesCache - Start creating project configuration files caches for 1 projects...
[2019-08-16 11:27:24,987]   INFO - ojects.ProjectConfigFilesCache - Finished creating project configuration files caches for 1 projects
[2019-08-16 11:27:43,592]   INFO - s.buildServer.ACTIVITIES.AUDIT - agent_authorize: Agent ""agent_first" {id=1}" was authorized by "'anton' (Anton Nichaienko) {id=1}" with comment "agent_1"
[2019-08-16 11:40:55,176]   WARN -   jetbrains.buildServer.SERVER - Error java.io.IOException: Broken pipe; while processing request: GET '/plugins/priority-queue/priorityClassList.html', from client 192.168.7.13:14768, authenticated as 'anton' (Anton Nichaienko) {id=1}: java.io.IOException: Broken pipe (enable debug to see stacktrace)
[2019-08-16 11:45:07,897]   INFO - s.buildServer.ACTIVITIES.AUDIT - project_create: Project "GitDevOps03 / NICHAIENKO {id=GitDevOps03_Nichaienko, internal id=project2}" was created by "'anton' (Anton Nichaienko) {id=1}"
[2019-08-16 11:45:19,025]   INFO - projects.ProjectEventsNotifier - Processing projectCreated for GitDevOps03_Nichaienko
[2019-08-16 11:45:19,025]   INFO - projects.ProjectEventsNotifier - Adding event 'projectConfigChanged' for project 'GitDevOps03_Nichaienko'
[2019-08-16 11:45:19,025]   INFO - ojects.ProjectConfigFilesCache - Start creating project configuration files caches for 1 projects...
[2019-08-16 11:45:19,027]   INFO - ojects.ProjectConfigFilesCache - Finished creating project configuration files caches for 1 projects
[2019-08-16 11:46:57,555]   INFO - s.buildServer.ACTIVITIES.AUDIT - vcs_root_create: VCS root ""https://github.com/silent-ua/GitDevOps03.git" {internal id=2, id=GitDevOps03_Nichaienko_HttpsGithubComSilentUaGitDevOps03git, description: "null#master"}" was created by "'anton' (Anton Nichaienko) {id=1}" with comment "In project: GitDevOps03 / NICHAIENKO"
[2019-08-16 11:47:10,029]   INFO - projects.ProjectEventsNotifier - Processing vcsRootUpdated for GitDevOps03_Nichaienko
[2019-08-16 11:47:10,030]   INFO - projects.ProjectEventsNotifier - Adding event 'projectConfigChanged' for project 'GitDevOps03_Nichaienko'
[2019-08-16 11:47:10,030]   INFO - ojects.ProjectConfigFilesCache - Start creating project configuration files caches for 1 projects...
[2019-08-16 11:47:10,032]   INFO - ojects.ProjectConfigFilesCache - Finished creating project configuration files caches for 1 projects
[2019-08-16 13:41:59,070]   INFO - s.buildServer.ACTIVITIES.AUDIT - build_type_edit_settings: "GitDevOps03 / TC-Build {id=GitDevOps03_TcBuild, internal id=bt1}" build configuration settings were edited ("version before: 1, version after: 2") by "'anton' (Anton Nichaienko) {id=1}" with comment "runners of 'TC-Build' build configuration were updated"
[2019-08-16 13:42:10,276]   INFO - projects.ProjectEventsNotifier - Processing buildTypePersisted for GitDevOps03
[2019-08-16 13:42:10,276]   INFO - projects.ProjectEventsNotifier - Adding event 'projectConfigChanged' for project 'GitDevOps03'
[2019-08-16 13:42:10,277]   INFO - ojects.ProjectConfigFilesCache - Start creating project configuration files caches for 1 projects...
[2019-08-16 13:42:10,279]   INFO - ojects.ProjectConfigFilesCache - Finished creating project configuration files caches for 1 projects
[2019-08-16 13:43:40,675]   INFO - s.buildServer.ACTIVITIES.AUDIT - project_edit_settings: "GitDevOps03 {id=GitDevOps03, internal id=project1}" project settings were edited ("version before: 2, version after: 3") by "'anton' (Anton Nichaienko) {id=1}" with comment "Connection added"
[2019-08-16 13:43:52,280]   INFO - projects.ProjectEventsNotifier - Processing projectPersisted for GitDevOps03
[2019-08-16 13:43:52,280]   INFO - projects.ProjectEventsNotifier - Adding event 'projectConfigChanged' for project 'GitDevOps03'
[2019-08-16 13:43:52,280]   INFO - ojects.ProjectConfigFilesCache - Start creating project configuration files caches for 1 projects...
[2019-08-16 13:43:52,282]   INFO - ojects.ProjectConfigFilesCache - Finished creating project configuration files caches for 1 projects
[2019-08-16 13:44:02,800]   INFO - s.buildServer.ACTIVITIES.AUDIT - build_type_edit_settings: "GitDevOps03 / TC-Build {id=GitDevOps03_TcBuild, internal id=bt1}" build configuration settings were edited ("version before: 2, version after: 3") by "'anton' (Anton Nichaienko) {id=1}" with comment "build features of 'TC-Build' build configuration were updated"
[2019-08-16 13:44:13,280]   INFO - projects.ProjectEventsNotifier - Processing buildTypePersisted for GitDevOps03
[2019-08-16 13:44:13,281]   INFO - projects.ProjectEventsNotifier - Adding event 'projectConfigChanged' for project 'GitDevOps03'
[2019-08-16 13:44:13,281]   INFO - ojects.ProjectConfigFilesCache - Start creating project configuration files caches for 1 projects...
[2019-08-16 13:44:13,283]   INFO - ojects.ProjectConfigFilesCache - Finished creating project configuration files caches for 1 projects
[2019-08-16 13:47:25,287]   INFO - projects.ProjectEventsNotifier - Processing buildTypePersisted for GitDevOps03
[2019-08-16 13:47:25,287]   INFO - projects.ProjectEventsNotifier - Adding event 'projectConfigChanged' for project 'GitDevOps03'
[2019-08-16 13:47:25,288]   INFO - ojects.ProjectConfigFilesCache - Start creating project configuration files caches for 1 projects...
[2019-08-16 13:47:25,289]   INFO - ojects.ProjectConfigFilesCache - Finished creating project configuration files caches for 1 projects
[2019-08-16 13:49:09,751]   INFO - s.buildServer.ACTIVITIES.AUDIT - build_type_edit_settings: "GitDevOps03 / TC-Build {id=GitDevOps03_TcBuild, internal id=bt1}" build configuration settings were edited ("version before: 3, version after: 4") by "'anton' (Anton Nichaienko) {id=1}" with comment "runners of 'TC-Build' build configuration were updated"
[2019-08-16 13:49:20,340]   INFO - projects.ProjectEventsNotifier - Processing buildTypePersisted for GitDevOps03
[2019-08-16 13:49:20,340]   INFO - projects.ProjectEventsNotifier - Adding event 'projectConfigChanged' for project 'GitDevOps03'
[2019-08-16 13:49:20,340]   INFO - ojects.ProjectConfigFilesCache - Start creating project configuration files caches for 1 projects...
[2019-08-16 13:49:20,343]   INFO - ojects.ProjectConfigFilesCache - Finished creating project configuration files caches for 1 projects
[2019-08-16 13:49:30,283]   INFO - s.buildServer.ACTIVITIES.AUDIT - build_comment: Build BUILD_PROMOTION{id=1} was commented by "'anton' (Anton Nichaienko) {id=1}" with comment "first build"
[2019-08-16 13:49:30,376]   INFO - ity.BuildQueuePriorityOrdering - New item Queued build {item id=1:0:1, promotion=Build promotion {promotion id=1, configuration={id=GitDevOps03_TcBuild, internal id=bt1}}} with weight 0.00 inserted at the default position 0 in the end of the queue
[2019-08-16 13:49:30,399]   INFO - s.buildServer.ACTIVITIES.AUDIT - build_add_to_queue: Build BUILD_PROMOTION{id=1} was added to queue by "'anton' (Anton Nichaienko) {id=1}"
[2019-08-16 13:49:30,423]   INFO - tbrains.buildServer.ACTIVITIES - Build added to queue; Queued build {Build promotion {promotion id=1, configuration={id=GitDevOps03_TcBuild, internal id=bt1}, queued build id=1:0:1, queued, comment="first build"}, triggered by "'anton' (Anton Nichaienko) {id=1}" (##userId='1' type='user'), agent id=1}
[2019-08-16 13:49:30,671]   INFO -   jetbrains.buildServer.SERVER - Running build saved to DB: build id=1, promotion id=1
[2019-08-16 13:49:30,698]   INFO - tbrains.buildServer.ACTIVITIES - Build started; GitDevOps03 / TC-Build {id=GitDevOps03_TcBuild, internal id=bt1} #1 {promotion id=1, agent="agent_first" {id=1}, triggered by "'anton' (Anton Nichaienko) {id=1}" (##userId='1' type='user'), comment="first build". Started 2019-08-16 13:49:30.626, running}
[2019-08-16 13:49:30,726]   INFO -   jetbrains.buildServer.SERVER - Build removed from queue (started): 1
[2019-08-16 13:49:30,759]   INFO -   jetbrains.buildServer.SERVER - Flush queue finished in 195ms, number of builds started: 1
[2019-08-16 13:49:42,688]   INFO -   jetbrains.buildServer.SERVER - Build finished received for build: #1 {build id=1, buildTypeId=GitDevOps03_TcBuild}
[2019-08-16 13:49:42,691]   INFO -   jetbrains.buildServer.SERVER - Build scheduled for finishing: #1 {build id=1, buildTypeId=GitDevOps03_TcBuild}
[2019-08-16 13:49:42,697]   INFO -   jetbrains.buildServer.SERVER - Created finish build task for build: #1 {build id=1, buildTypeId=GitDevOps03_TcBuild}, task id: 4
[2019-08-16 13:49:42,702]   INFO - ndexer.EventBasedBuildsIndexer - Indexing finishing build: #1 {build id=1, buildTypeId=GitDevOps03_TcBuild}
[2019-08-16 13:49:42,799]   INFO - de.impl.history.DBBuildHistory - Created build history entry; build id: 1, finish date: 2019-08-16 13:49:42.677
[2019-08-16 13:49:42,881]   INFO - tbrains.buildServer.ACTIVITIES - Finished build GitDevOps03 / TC-Build {id=GitDevOps03_TcBuild, internal id=bt1} #1 {promotion id=1, agent="agent_first" {id=1}, triggered by "'anton' (Anton Nichaienko) {id=1}" (##userId='1' type='user'), comment="first build". Started 2019-08-16 13:49:32.300, finished. Status "FAILURE 'Exit code 125 (Step: build docker image (Docker)) (new)'"}
[2019-08-16 13:58:02,435]   INFO - ity.BuildQueuePriorityOrdering - New item Queued build {item id=2, promotion=Build promotion {promotion id=2, configuration={id=GitDevOps03_TcBuild, internal id=bt1}}} with weight 0.00 inserted at the default position 0 in the end of the queue
[2019-08-16 13:58:02,438]   INFO - s.buildServer.ACTIVITIES.AUDIT - build_add_to_queue: Build BUILD_PROMOTION{id=2} was added to queue by "'anton' (Anton Nichaienko) {id=1}"
[2019-08-16 13:58:02,442]   INFO - tbrains.buildServer.ACTIVITIES - Build added to queue; Queued build {Build promotion {promotion id=2, configuration={id=GitDevOps03_TcBuild, internal id=bt1}, queued}, triggered by "'anton' (Anton Nichaienko) {id=1}" (##userId='1' type='user')}
[2019-08-16 13:58:02,463]   INFO -   jetbrains.buildServer.SERVER - Running build saved to DB: build id=2, promotion id=2
[2019-08-16 13:58:02,476]   INFO - tbrains.buildServer.ACTIVITIES - Build started; GitDevOps03 / TC-Build {id=GitDevOps03_TcBuild, internal id=bt1} #2 {promotion id=2, agent="agent_first" {id=1}, triggered by "'anton' (Anton Nichaienko) {id=1}" (##userId='1' type='user'). Started 2019-08-16 13:58:02.461, running}
[2019-08-16 13:58:02,476]   INFO -   jetbrains.buildServer.SERVER - Build removed from queue (started): 2
[2019-08-16 13:58:02,490]   INFO -   jetbrains.buildServer.SERVER - Flush queue finished in 31ms, number of builds started: 1
[2019-08-16 13:58:09,007]   WARN -   jetbrains.buildServer.SERVER - Error while starting build {id=2}: jetbrains.buildServer.serverSide.impl.BuildChangesCollectException: Failed to collect changes, error: Error collecting changes for VCS repository '"https://github.com/silent-ua/GitDevOps03.git#refs/heads/master" {instance id=1, parent internal id=1, parent id=GitDevOps03_HttpsGithubComSilentUaGitDevOps03gitRefsHeadsMaster, description: "https://github.com/silent-ua/GitDevOps03.git#refs/heads/master"}'
Collecting changes failed: jetbrains.buildServer.buildTriggers.vcs.git.submodules.MissingSubmoduleConfigException: The 'https://silentua@github.com/silent-ua/GitDevOps03.git' repository has a submodule in the '8c6dc2d3cd372641785cad28ecae2813419ad610' commit at the 'Incoices' path, but has not .gitmodules configuration in the root directory, VCS root: "https://github.com/silent-ua/GitDevOps03.git#refs/heads/master" {instance id=1, parent internal id=1, parent id=GitDevOps03_HttpsGithubComSilentUaGitDevOps03gitRefsHeadsMaster, description: "https://github.com/silent-ua/GitDevOps03.git#refs/heads/master"} (enable debug to see stacktrace)
[2019-08-16 13:58:09,015]   INFO -   jetbrains.buildServer.SERVER - Build finished received for build: #2 {build id=2, buildTypeId=GitDevOps03_TcBuild}
[2019-08-16 13:58:09,016]   INFO -   jetbrains.buildServer.SERVER - Created finish build task for build: #2 {build id=2, buildTypeId=GitDevOps03_TcBuild}, task id: 6
[2019-08-16 13:58:09,017]   INFO -   jetbrains.buildServer.SERVER - Build scheduled for finishing: #2 {build id=2, buildTypeId=GitDevOps03_TcBuild}
[2019-08-16 13:58:09,021]   INFO - ndexer.EventBasedBuildsIndexer - Indexing finishing build: #2 {build id=2, buildTypeId=GitDevOps03_TcBuild}
[2019-08-16 13:58:09,024]   INFO - de.impl.history.DBBuildHistory - Created build history entry; build id: 2, finish date: 2019-08-16 13:58:09.015
[2019-08-16 13:58:09,041]   INFO - tbrains.buildServer.ACTIVITIES - Finished build GitDevOps03 / TC-Build {id=GitDevOps03_TcBuild, internal id=bt1} #2 {promotion id=2, agent="agent_first" {id=1}, triggered by "'anton' (Anton Nichaienko) {id=1}" (##userId='1' type='user'). Started 2019-08-16 13:58:02.461, finished. Status "FAILURE 'Unable to collect changes'"}
[2019-08-16 14:02:54,934]   INFO - s.buildServer.ACTIVITIES.AUDIT - build_type_edit_settings: "GitDevOps03 / TC-Build {id=GitDevOps03_TcBuild, internal id=bt1}" build configuration settings were edited ("version before: 4, version after: 5") by "'anton' (Anton Nichaienko) {id=1}" with comment "build features of 'TC-Build' build configuration were updated"
[2019-08-16 14:03:05,375]   INFO - projects.ProjectEventsNotifier - Processing buildTypePersisted for GitDevOps03
[2019-08-16 14:03:05,375]   INFO - projects.ProjectEventsNotifier - Adding event 'projectConfigChanged' for project 'GitDevOps03'
[2019-08-16 14:03:05,376]   INFO - ojects.ProjectConfigFilesCache - Start creating project configuration files caches for 1 projects...
[2019-08-16 14:03:05,378]   INFO - ojects.ProjectConfigFilesCache - Finished creating project configuration files caches for 1 projects
[2019-08-16 14:05:50,432]   INFO -   jetbrains.buildServer.SERVER - Test connection for root "jetbrains.git" {instance id=-2, parent internal id=-1, parent id=dummy_jetbrains.git, description: "https://github.com/silent-ua/GitDevOps03.git#refs/heads/master"} is initiated by user 'anton' (Anton Nichaienko) {id=1}
[2019-08-16 14:06:08,381]   INFO - projects.ProjectEventsNotifier - Processing vcsRootPersisted for GitDevOps03
[2019-08-16 14:06:08,381]   INFO - projects.ProjectEventsNotifier - Adding event 'projectConfigChanged' for project 'GitDevOps03'
[2019-08-16 14:06:08,382]   INFO - ojects.ProjectConfigFilesCache - Start creating project configuration files caches for 1 projects...
[2019-08-16 14:06:08,383]   INFO - ojects.ProjectConfigFilesCache - Finished creating project configuration files caches for 1 projects
[2019-08-16 14:06:12,975]   INFO - s.buildServer.ACTIVITIES.AUDIT - build_comment: Build BUILD_PROMOTION{id=3} was commented by "'anton' (Anton Nichaienko) {id=1}" with comment "first build"
[2019-08-16 14:06:12,976]   INFO - ity.BuildQueuePriorityOrdering - New item Queued build {item id=3:0:1, promotion=Build promotion {promotion id=3, configuration={id=GitDevOps03_TcBuild, internal id=bt1}}} with weight 0.00 inserted at the default position 0 in the end of the queue
[2019-08-16 14:06:12,978]   INFO - s.buildServer.ACTIVITIES.AUDIT - build_add_to_queue: Build BUILD_PROMOTION{id=3} was added to queue by "'anton' (Anton Nichaienko) {id=1}"
[2019-08-16 14:06:12,980]   INFO - tbrains.buildServer.ACTIVITIES - Build added to queue; Queued build {Build promotion {promotion id=3, configuration={id=GitDevOps03_TcBuild, internal id=bt1}, branch=<default>, queued build id=3:0:1, queued, comment="first build"}, triggered by "'anton' (Anton Nichaienko) {id=1}" (##userId='1' type='user'), agent id=1}
[2019-08-16 14:06:12,996]   INFO -   jetbrains.buildServer.SERVER - Running build saved to DB: build id=3, promotion id=3
[2019-08-16 14:06:13,004]   INFO - tbrains.buildServer.ACTIVITIES - Build started; GitDevOps03 / TC-Build {id=GitDevOps03_TcBuild, internal id=bt1} #3 {promotion id=3, branch=<default>, agent="agent_first" {id=1}, triggered by "'anton' (Anton Nichaienko) {id=1}" (##userId='1' type='user'), comment="first build". Started 2019-08-16 14:06:12.994, running}
[2019-08-16 14:06:13,004]   INFO -   jetbrains.buildServer.SERVER - Build removed from queue (started): 3
[2019-08-16 14:06:13,011]   INFO -   jetbrains.buildServer.SERVER - Flush queue finished in 19ms, number of builds started: 1
[2019-08-16 14:06:13,830]   WARN -   jetbrains.buildServer.SERVER - Error while starting build {id=3}: jetbrains.buildServer.serverSide.impl.BuildChangesCollectException: Failed to collect changes, error: Error collecting changes for VCS repository '"https://github.com/silent-ua/GitDevOps03.git#refs/heads/master" {instance id=1, parent internal id=1, parent id=GitDevOps03_HttpsGithubComSilentUaGitDevOps03gitRefsHeadsMaster, description: "https://github.com/silent-ua/GitDevOps03.git#refs/heads/master"}'
Collecting changes failed: jetbrains.buildServer.buildTriggers.vcs.git.submodules.MissingSubmoduleConfigException: The 'https://silentua@github.com/silent-ua/GitDevOps03.git' repository has a submodule in the '8c6dc2d3cd372641785cad28ecae2813419ad610' commit at the 'Incoices' path, but has not .gitmodules configuration in the root directory, VCS root: "https://github.com/silent-ua/GitDevOps03.git#refs/heads/master" {instance id=1, parent internal id=1, parent id=GitDevOps03_HttpsGithubComSilentUaGitDevOps03gitRefsHeadsMaster, description: "https://github.com/silent-ua/GitDevOps03.git#refs/heads/master"} (enable debug to see stacktrace)
[2019-08-16 14:06:13,836]   INFO -   jetbrains.buildServer.SERVER - Build finished received for build: #3 {build id=3, buildTypeId=GitDevOps03_TcBuild}
[2019-08-16 14:06:13,836]   INFO -   jetbrains.buildServer.SERVER - Created finish build task for build: #3 {build id=3, buildTypeId=GitDevOps03_TcBuild}, task id: 8
[2019-08-16 14:06:13,837]   INFO -   jetbrains.buildServer.SERVER - Build scheduled for finishing: #3 {build id=3, buildTypeId=GitDevOps03_TcBuild}
[2019-08-16 14:06:13,843]   INFO - ndexer.EventBasedBuildsIndexer - Indexing finishing build: #3 {build id=3, buildTypeId=GitDevOps03_TcBuild}
[2019-08-16 14:06:13,846]   INFO - de.impl.history.DBBuildHistory - Created build history entry; build id: 3, finish date: 2019-08-16 14:06:13.836
[2019-08-16 14:06:13,853]   INFO - tbrains.buildServer.ACTIVITIES - Finished build GitDevOps03 / TC-Build {id=GitDevOps03_TcBuild, internal id=bt1} #3 {promotion id=3, branch=<default>, agent="agent_first" {id=1}, triggered by "'anton' (Anton Nichaienko) {id=1}" (##userId='1' type='user'), comment="first build". Started 2019-08-16 14:06:12.994, finished. Status "FAILURE 'Unable to collect changes'"}
[2019-08-16 14:25:09,226]   INFO - ity.BuildQueuePriorityOrdering - New item Queued build {item id=4, promotion=Build promotion {promotion id=4, configuration={id=GitDevOps03_TcBuild, internal id=bt1}}} with weight 0.00 inserted at the default position 0 in the end of the queue
[2019-08-16 14:25:09,229]   INFO - s.buildServer.ACTIVITIES.AUDIT - build_add_to_queue: Build BUILD_PROMOTION{id=4} was added to queue by "'anton' (Anton Nichaienko) {id=1}"
[2019-08-16 14:25:09,232]   INFO - tbrains.buildServer.ACTIVITIES - Build added to queue; Queued build {Build promotion {promotion id=4, configuration={id=GitDevOps03_TcBuild, internal id=bt1}, branch=<default>, queued}, triggered by "'anton' (Anton Nichaienko) {id=1}" (##userId='1' type='user')}
[2019-08-16 14:25:09,244]   INFO -   jetbrains.buildServer.SERVER - Running build saved to DB: build id=4, promotion id=4
[2019-08-16 14:25:09,248]   INFO - tbrains.buildServer.ACTIVITIES - Build started; GitDevOps03 / TC-Build {id=GitDevOps03_TcBuild, internal id=bt1} #4 {promotion id=4, branch=<default>, agent="agent_first" {id=1}, triggered by "'anton' (Anton Nichaienko) {id=1}" (##userId='1' type='user'). Started 2019-08-16 14:25:09.241, running}
[2019-08-16 14:25:09,249]   INFO -   jetbrains.buildServer.SERVER - Build removed from queue (started): 4
[2019-08-16 14:25:09,250]   INFO -   jetbrains.buildServer.SERVER - Flush queue finished in 10ms, number of builds started: 1
[2019-08-16 14:25:10,136]   WARN -   jetbrains.buildServer.SERVER - Error while starting build {id=4}: jetbrains.buildServer.serverSide.impl.BuildChangesCollectException: Failed to collect changes, error: Error collecting changes for VCS repository '"https://github.com/silent-ua/GitDevOps03.git#refs/heads/master" {instance id=1, parent internal id=1, parent id=GitDevOps03_HttpsGithubComSilentUaGitDevOps03gitRefsHeadsMaster, description: "https://github.com/silent-ua/GitDevOps03.git#refs/heads/master"}'
Collecting changes failed: jetbrains.buildServer.buildTriggers.vcs.git.submodules.MissingSubmoduleConfigException: The 'https://silentua@github.com/silent-ua/GitDevOps03.git' repository has a submodule in the '5ec415536deec30040a371707c4f711ea320d3e5' commit at the 'exercises' path, but has not .gitmodules configuration in the root directory, VCS root: "https://github.com/silent-ua/GitDevOps03.git#refs/heads/master" {instance id=1, parent internal id=1, parent id=GitDevOps03_HttpsGithubComSilentUaGitDevOps03gitRefsHeadsMaster, description: "https://github.com/silent-ua/GitDevOps03.git#refs/heads/master"} (enable debug to see stacktrace)
[2019-08-16 14:25:10,142]   INFO -   jetbrains.buildServer.SERVER - Build finished received for build: #4 {build id=4, buildTypeId=GitDevOps03_TcBuild}
[2019-08-16 14:25:10,144]   INFO -   jetbrains.buildServer.SERVER - Created finish build task for build: #4 {build id=4, buildTypeId=GitDevOps03_TcBuild}, task id: 10
[2019-08-16 14:25:10,145]   INFO -   jetbrains.buildServer.SERVER - Build scheduled for finishing: #4 {build id=4, buildTypeId=GitDevOps03_TcBuild}
[2019-08-16 14:25:10,148]   INFO - ndexer.EventBasedBuildsIndexer - Indexing finishing build: #4 {build id=4, buildTypeId=GitDevOps03_TcBuild}
[2019-08-16 14:25:10,150]   INFO - de.impl.history.DBBuildHistory - Created build history entry; build id: 4, finish date: 2019-08-16 14:25:10.142
[2019-08-16 14:25:10,156]   INFO - tbrains.buildServer.ACTIVITIES - Finished build GitDevOps03 / TC-Build {id=GitDevOps03_TcBuild, internal id=bt1} #4 {promotion id=4, branch=<default>, agent="agent_first" {id=1}, triggered by "'anton' (Anton Nichaienko) {id=1}" (##userId='1' type='user'). Started 2019-08-16 14:25:09.241, finished. Status "FAILURE 'Unable to collect changes'"}
[2019-08-16 14:25:12,982]   INFO - ity.BuildQueuePriorityOrdering - New item Queued build {item id=5, promotion=Build promotion {promotion id=5, configuration={id=GitDevOps03_TcBuild, internal id=bt1}}} with weight 0.00 inserted at the default position 0 in the end of the queue
[2019-08-16 14:25:12,985]   INFO - s.buildServer.ACTIVITIES.AUDIT - build_add_to_queue: Build BUILD_PROMOTION{id=5} was added to queue by "'anton' (Anton Nichaienko) {id=1}"
[2019-08-16 14:25:12,988]   INFO - tbrains.buildServer.ACTIVITIES - Build added to queue; Queued build {Build promotion {promotion id=5, configuration={id=GitDevOps03_TcBuild, internal id=bt1}, branch=<default>, queued}, triggered by "'anton' (Anton Nichaienko) {id=1}" (##userId='1' type='user')}
[2019-08-16 14:25:12,996]   INFO -   jetbrains.buildServer.SERVER - Running build saved to DB: build id=5, promotion id=5
[2019-08-16 14:25:13,003]   INFO - tbrains.buildServer.ACTIVITIES - Build started; GitDevOps03 / TC-Build {id=GitDevOps03_TcBuild, internal id=bt1} #5 {promotion id=5, branch=<default>, agent="agent_first" {id=1}, triggered by "'anton' (Anton Nichaienko) {id=1}" (##userId='1' type='user'). Started 2019-08-16 14:25:12.994, running}
[2019-08-16 14:25:13,008]   INFO -   jetbrains.buildServer.SERVER - Build removed from queue (started): 5
[2019-08-16 14:25:13,008]   INFO -   jetbrains.buildServer.SERVER - Flush queue finished in 16ms, number of builds started: 1
[2019-08-16 14:25:13,737]   WARN -   jetbrains.buildServer.SERVER - Error while starting build {id=5}: jetbrains.buildServer.serverSide.impl.BuildChangesCollectException: Failed to collect changes, error: Error collecting changes for VCS repository '"https://github.com/silent-ua/GitDevOps03.git#refs/heads/master" {instance id=1, parent internal id=1, parent id=GitDevOps03_HttpsGithubComSilentUaGitDevOps03gitRefsHeadsMaster, description: "https://github.com/silent-ua/GitDevOps03.git#refs/heads/master"}'
Collecting changes failed: jetbrains.buildServer.buildTriggers.vcs.git.submodules.MissingSubmoduleConfigException: The 'https://silentua@github.com/silent-ua/GitDevOps03.git' repository has a submodule in the '5ec415536deec30040a371707c4f711ea320d3e5' commit at the 'exercises' path, but has not .gitmodules configuration in the root directory, VCS root: "https://github.com/silent-ua/GitDevOps03.git#refs/heads/master" {instance id=1, parent internal id=1, parent id=GitDevOps03_HttpsGithubComSilentUaGitDevOps03gitRefsHeadsMaster, description: "https://github.com/silent-ua/GitDevOps03.git#refs/heads/master"} (enable debug to see stacktrace)
[2019-08-16 14:25:13,744]   INFO -   jetbrains.buildServer.SERVER - Build finished received for build: #5 {build id=5, buildTypeId=GitDevOps03_TcBuild}
[2019-08-16 14:25:13,746]   INFO -   jetbrains.buildServer.SERVER - Created finish build task for build: #5 {build id=5, buildTypeId=GitDevOps03_TcBuild}, task id: 12
[2019-08-16 14:25:13,746]   INFO -   jetbrains.buildServer.SERVER - Build scheduled for finishing: #5 {build id=5, buildTypeId=GitDevOps03_TcBuild}
[2019-08-16 14:25:13,749]   INFO - ndexer.EventBasedBuildsIndexer - Indexing finishing build: #5 {build id=5, buildTypeId=GitDevOps03_TcBuild}
[2019-08-16 14:25:13,751]   INFO - de.impl.history.DBBuildHistory - Created build history entry; build id: 5, finish date: 2019-08-16 14:25:13.744
[2019-08-16 14:25:13,758]   INFO - tbrains.buildServer.ACTIVITIES - Finished build GitDevOps03 / TC-Build {id=GitDevOps03_TcBuild, internal id=bt1} #5 {promotion id=5, branch=<default>, agent="agent_first" {id=1}, triggered by "'anton' (Anton Nichaienko) {id=1}" (##userId='1' type='user'). Started 2019-08-16 14:25:12.994, finished. Status "FAILURE 'Unable to collect changes'"}
