[2019-08-16 11:16:00,716]   INFO -  jetbrains.buildServer.CLEANUP - Max cleanup duration is set to 0 seconds
[2019-08-16 11:16:00,718]   INFO -  jetbrains.buildServer.CLEANUP - Cleanup time has been set to 3:00 daily
[2019-08-16 11:16:00,732]   INFO -  jetbrains.buildServer.CLEANUP - The next cleanup time is 2019-08-17 03:00:00.000
[2019-08-16 11:16:00,733]   INFO -  jetbrains.buildServer.CLEANUP - Cleanup is enabled
[2019-08-16 23:15:14,223]   INFO -  jetbrains.buildServer.CLEANUP - Removed 20 multi-node tasks finished before 2019-08-16 15:15:14.223
[2019-08-17 01:15:14,223]   INFO -  jetbrains.buildServer.CLEANUP - Removed 2 multi-node tasks finished before 2019-08-16 17:15:14.223
[2019-08-17 02:00:00,003]   INFO -  jetbrains.buildServer.CLEANUP - Git cleanup started
[2019-08-17 02:00:00,118]   INFO -  jetbrains.buildServer.CLEANUP - Use git at path 'git'
[2019-08-17 02:00:00,118]   INFO -  jetbrains.buildServer.CLEANUP - Git garbage collection started
[2019-08-17 02:00:00,118]   INFO -  jetbrains.buildServer.CLEANUP - [git-A4D3E6C2.git] repository url: 'https://silentua@github.com/silent-ua/GitDevOps03.git'
[2019-08-17 02:00:00,119]   INFO -  jetbrains.buildServer.CLEANUP - [git-A4D3E6C2.git] no git gc is needed
[2019-08-17 02:00:00,119]   INFO -  jetbrains.buildServer.CLEANUP - Git garbage collection finished, it took 101ms
[2019-08-17 02:00:00,119]   INFO -  jetbrains.buildServer.CLEANUP - Git cleanup finished
[2019-08-17 03:00:00,004]   INFO -  jetbrains.buildServer.CLEANUP - Trying to get lock for the maintenance process...
[2019-08-17 03:00:00,004]   INFO -  jetbrains.buildServer.CLEANUP - Lock for the maintenance process obtained
[2019-08-17 03:00:00,012]   INFO -  jetbrains.buildServer.CLEANUP - The next cleanup time is 2019-08-18 03:00:00.000
[2019-08-17 03:00:00,040]   INFO -  jetbrains.buildServer.CLEANUP - Preparing for clean-up...
[2019-08-17 03:00:00,042]   INFO -  jetbrains.buildServer.CLEANUP - Clean-up started...
[2019-08-17 03:00:00,049]   INFO -  jetbrains.buildServer.CLEANUP - Collecting builds depending on other builds by specific build number ...
[2019-08-17 03:00:00,197]   INFO -  jetbrains.buildServer.CLEANUP - Collecting builds depending on other builds by sources or artifacts...
[2019-08-17 03:00:00,208]   INFO -  jetbrains.buildServer.CLEANUP - Done collecting depending builds for each cleanup level
[2019-08-17 03:00:00,208]   INFO -  jetbrains.buildServer.CLEANUP - Collecting builds for cleanup for each cleanup level...
[2019-08-17 03:00:00,215]   INFO -  jetbrains.buildServer.CLEANUP - Collected builds for 1 build configurations
[2019-08-17 03:00:00,219]   INFO -  jetbrains.buildServer.CLEANUP - Start compacting HSQL database...
[2019-08-17 03:00:00,820]   INFO -  jetbrains.buildServer.CLEANUP - Compacting HSQL database finished
[2019-08-17 03:00:00,887]   INFO -  jetbrains.buildServer.CLEANUP - Start processing 31 afterCleanup extensions
[2019-08-17 03:00:00,888]   INFO -  jetbrains.buildServer.CLEANUP - 	Executing afterCleanup extension (1 of 31): jetbrains.buildServer.serverSide.impl.cleanup.extensions.BackgroundBuildDataCleanerImpl
[2019-08-17 03:00:00,892]   INFO -  jetbrains.buildServer.CLEANUP - 		Cleaning data from the build-related tables which does not belong to 11 existing builds
[2019-08-17 03:00:00,898]   INFO -  jetbrains.buildServer.CLEANUP - 	Executing afterCleanup extension (2 of 31): jetbrains.buildServer.artifacts.s3.cleanup.S3CleanupExtension
[2019-08-17 03:00:00,898]   INFO -  jetbrains.buildServer.CLEANUP - 	Executing afterCleanup extension (3 of 31): jetbrains.buildServer.serverSide.statistics.diskusage.DiskUsageSListener$PinnedBuildsCollector
[2019-08-17 03:00:00,898]   INFO -  jetbrains.buildServer.CLEANUP - 	Executing afterCleanup extension (4 of 31): jetbrains.buildServer.serverSide.mute.LowLevelProblemMutingServiceImpl$TestMutesCleaner
[2019-08-17 03:00:00,898]   INFO -  jetbrains.buildServer.CLEANUP - 	Executing afterCleanup extension (5 of 31): jetbrains.buildServer.serverSide.impl.cleanup.extensions.ObsoleteFilesCleaner
[2019-08-17 03:00:00,899]   INFO -  jetbrains.buildServer.CLEANUP - 	Executing afterCleanup extension (6 of 31): jetbrains.buildServer.serverSide.identifiers.ProjectIdentifiersManagerImpl
[2019-08-17 03:00:00,903]   INFO -  jetbrains.buildServer.CLEANUP - Searching for obsolete log files (not used by any build) under build logs directory: /data/teamcity_server/datadir/system/messages
[2019-08-17 03:00:00,904]   INFO -  jetbrains.buildServer.CLEANUP - Cannot find obsolete build log directories in old format
[2019-08-17 03:00:00,909]   INFO -  jetbrains.buildServer.CLEANUP - Searching for obsolete artifact directories (not used by any build) under directories: [/data/teamcity_server/datadir/system/artifacts]
[2019-08-17 03:00:00,913]   INFO -  jetbrains.buildServer.CLEANUP - Removed no obsolete artifact directories (14 processed)
[2019-08-17 03:00:00,914]   INFO -  jetbrains.buildServer.CLEANUP - Removed 1 empty artifact directories
[2019-08-17 03:00:00,920]   INFO -  jetbrains.buildServer.CLEANUP - 	Executing afterCleanup extension (7 of 31): jetbrains.buildServer.runner.codeInspection.InspectionDataCleaner
[2019-08-17 03:00:00,928]   INFO -  jetbrains.buildServer.CLEANUP - 	Executing afterCleanup extension (8 of 31): jetbrains.buildServer.serverSide.identifiers.BuildTypeIdentifiersManagerImpl
[2019-08-17 03:00:00,928]   INFO -  jetbrains.buildServer.CLEANUP - 	Executing afterCleanup extension (9 of 31): jetbrains.buildServer.buildTriggers.vcs.clearcase.structure.ClearCaseStructureCache$ClearcaseCacheGeneralDataCleaner
[2019-08-17 03:00:00,928]   INFO -  jetbrains.buildServer.CLEANUP - 	Executing afterCleanup extension (10 of 31): jetbrains.buildServer.serverSide.impl.cleanup.extensions.InvalidHistoryRecordsCleaner
[2019-08-17 03:00:00,932]   INFO -  jetbrains.buildServer.CLEANUP - 	Executing afterCleanup extension (11 of 31): jetbrains.buildServer.diagnostic.ThreadDumpsCleaner
[2019-08-17 03:00:00,937]   INFO -  jetbrains.buildServer.CLEANUP - 	Executing afterCleanup extension (12 of 31): jetbrains.buildServer.serverSide.statistics.impl.BuildDataStorageImpl
[2019-08-17 03:00:00,937]   INFO -  jetbrains.buildServer.CLEANUP - 	Executing afterCleanup extension (13 of 31): jetbrains.buildServer.serverSide.TestName2IndexImpl
[2019-08-17 03:00:00,941]   INFO -  jetbrains.buildServer.CLEANUP - 		Start cleaning unused test names ...
[2019-08-17 03:00:00,951]   INFO -  jetbrains.buildServer.CLEANUP - 	Executing afterCleanup extension (14 of 31): jetbrains.buildServer.serverSide.impl.OldAgentsCleaner
[2019-08-17 03:00:00,951]   INFO -  jetbrains.buildServer.CLEANUP - 	Executing afterCleanup extension (15 of 31): jetbrains.buildServer.serverSide.impl.cleanup.extensions.BuildArtifactsCleaner
[2019-08-17 03:00:00,951]   INFO -  jetbrains.buildServer.CLEANUP - 	Executing afterCleanup extension (16 of 31): jetbrains.buildServer.vcs.impl.VcsModificationsCleaner
[2019-08-17 03:00:00,953]   INFO -  jetbrains.buildServer.CLEANUP - 	Executing afterCleanup extension (17 of 31): jetbrains.buildServer.serverSide.impl.projectSources.PatchCacheImpl
[2019-08-17 03:00:00,955]   INFO -  jetbrains.buildServer.CLEANUP - 	Executing afterCleanup extension (18 of 31): jetbrains.buildServer.serverSide.impl.artifacts.ExternalBuildArtifactsCacheImpl
[2019-08-17 03:00:00,955]   INFO -  jetbrains.buildServer.CLEANUP - 	Executing afterCleanup extension (19 of 31): jetbrains.buildServer.serverSide.stat.TestFailureRateCollector
[2019-08-17 03:00:00,956]   INFO -  jetbrains.buildServer.CLEANUP - 	Executing afterCleanup extension (20 of 31): jetbrains.buildServer.diagnostic.ThreadStatCleaner
[2019-08-17 03:00:00,956]   INFO -  jetbrains.buildServer.CLEANUP - 	Executing afterCleanup extension (21 of 31): jetbrains.buildServer.controllers.login.RememberMe$1
[2019-08-17 03:00:00,956]   INFO -  jetbrains.buildServer.CLEANUP - 	Executing afterCleanup extension (22 of 31): jetbrains.buildServer.users.impl.UserModelImpl
[2019-08-17 03:00:00,956]   INFO -  jetbrains.buildServer.CLEANUP - 	Executing afterCleanup extension (23 of 31): org.jetbrains.teamcity.docker.cleanup.PushedImagesRegistryCleaner
[2019-08-17 03:00:00,956]   INFO -  jetbrains.buildServer.CLEANUP - 	Executing afterCleanup extension (24 of 31): jetbrains.buildServer.serverSide.impl.audit.AuditLogCleanerImpl
[2019-08-17 03:00:00,956]   INFO -  jetbrains.buildServer.CLEANUP - 		Removing audit log records older than 365 days ...
[2019-08-17 03:00:00,980]   INFO -  jetbrains.buildServer.CLEANUP - 		Removing audit log records for obsolete tests ...
[2019-08-17 03:00:00,982]   INFO -  jetbrains.buildServer.CLEANUP - 		Removing audit log records for obsolete builds ...
[2019-08-17 03:00:00,989]   INFO -  jetbrains.buildServer.CLEANUP - 		Finished removing audit log records.
[2019-08-17 03:00:00,989]   INFO -  jetbrains.buildServer.CLEANUP - 	Executing afterCleanup extension (25 of 31): jetbrains.buildServer.serverSide.metadata.impl.metadata.MetadataStorageBean
[2019-08-17 03:00:01,038]   INFO -  jetbrains.buildServer.CLEANUP - 	Executing afterCleanup extension (26 of 31): jetbrains.buildServer.serverSide.impl.versionedSettings.GeneratedSettingsCache
[2019-08-17 03:00:01,040]   INFO -  jetbrains.buildServer.CLEANUP - 	Executing afterCleanup extension (27 of 31): jetbrains.buildServer.serverSide.impl.personal.PersonalBuildCleaner
[2019-08-17 03:00:01,043]   INFO -  jetbrains.buildServer.CLEANUP - 	Executing afterCleanup extension (28 of 31): jetbrains.buildServer.responsibility.impl.ResponsibilityCleanupExtension
[2019-08-17 03:00:01,044]   INFO -  jetbrains.buildServer.CLEANUP - 		Starting cleanup of responsibility entries...
[2019-08-17 03:00:01,044]   INFO -  jetbrains.buildServer.CLEANUP - 		Will delete 0 responsibility entries
[2019-08-17 03:00:01,044]   INFO -  jetbrains.buildServer.CLEANUP - 		Finished cleanup of 0 responsibility entries
[2019-08-17 03:00:01,044]   INFO -  jetbrains.buildServer.CLEANUP - 	Executing afterCleanup extension (29 of 31): jetbrains.buildServer.serverSide.CustomDataStorageManagerImpl
[2019-08-17 03:00:01,044]   INFO -  jetbrains.buildServer.CLEANUP - 	Executing afterCleanup extension (30 of 31): jetbrains.buildServer.duplicator.DuplicatesDataCleaner
[2019-08-17 03:00:01,048]   INFO -  jetbrains.buildServer.CLEANUP - 	Executing afterCleanup extension (31 of 31): jetbrains.buildServer.swabra.serverHealth.SwabraCleanCheckoutWatcherImpl$2
[2019-08-17 03:00:01,053]   INFO -  jetbrains.buildServer.CLEANUP - Finished processing afterCleanup extensions, took 165ms
[2019-08-17 03:00:01,054]   INFO -  jetbrains.buildServer.CLEANUP - Clean-up finished, took 1s
[2019-08-17 03:00:01,062]   INFO -  jetbrains.buildServer.CLEANUP - Post-cleanup tasks finished, took 7ms
[2019-08-17 03:00:01,064]   INFO -  jetbrains.buildServer.CLEANUP - Lock for the maintenance process released
[2019-08-18 02:00:00,001]   INFO -  jetbrains.buildServer.CLEANUP - Git cleanup started
[2019-08-18 02:00:00,023]   INFO -  jetbrains.buildServer.CLEANUP - Use git at path 'git'
[2019-08-18 02:00:00,023]   INFO -  jetbrains.buildServer.CLEANUP - Git garbage collection started
[2019-08-18 02:00:00,023]   INFO -  jetbrains.buildServer.CLEANUP - [git-A4D3E6C2.git] repository url: 'https://silentua@github.com/silent-ua/GitDevOps03.git'
[2019-08-18 02:00:00,023]   INFO -  jetbrains.buildServer.CLEANUP - [git-A4D3E6C2.git] no git gc is needed
[2019-08-18 02:00:00,024]   INFO -  jetbrains.buildServer.CLEANUP - Git garbage collection finished, it took 22ms
[2019-08-18 02:00:00,024]   INFO -  jetbrains.buildServer.CLEANUP - Git cleanup finished
[2019-08-18 03:00:00,000]   INFO -  jetbrains.buildServer.CLEANUP - Trying to get lock for the maintenance process...
[2019-08-18 03:00:00,000]   INFO -  jetbrains.buildServer.CLEANUP - Lock for the maintenance process obtained
[2019-08-18 03:00:00,001]   INFO -  jetbrains.buildServer.CLEANUP - The next cleanup time is 2019-08-19 03:00:00.000
[2019-08-18 03:00:00,001]   INFO -  jetbrains.buildServer.CLEANUP - Preparing for clean-up...
[2019-08-18 03:00:00,001]   INFO -  jetbrains.buildServer.CLEANUP - Clean-up started...
[2019-08-18 03:00:00,007]   INFO -  jetbrains.buildServer.CLEANUP - Collecting builds depending on other builds by specific build number ...
[2019-08-18 03:00:00,007]   INFO -  jetbrains.buildServer.CLEANUP - Collecting builds depending on other builds by sources or artifacts...
[2019-08-18 03:00:00,007]   INFO -  jetbrains.buildServer.CLEANUP - Done collecting depending builds for each cleanup level
[2019-08-18 03:00:00,007]   INFO -  jetbrains.buildServer.CLEANUP - Collecting builds for cleanup for each cleanup level...
[2019-08-18 03:00:00,007]   INFO -  jetbrains.buildServer.CLEANUP - Collected builds for 1 build configurations
[2019-08-18 03:00:00,008]   INFO -  jetbrains.buildServer.CLEANUP - Start compacting HSQL database...
[2019-08-18 03:00:00,469]   INFO -  jetbrains.buildServer.CLEANUP - Compacting HSQL database finished
[2019-08-18 03:00:00,486]   INFO -  jetbrains.buildServer.CLEANUP - Start processing 31 afterCleanup extensions
[2019-08-18 03:00:00,486]   INFO -  jetbrains.buildServer.CLEANUP - 	Executing afterCleanup extension (1 of 31): jetbrains.buildServer.serverSide.impl.cleanup.extensions.BackgroundBuildDataCleanerImpl
[2019-08-18 03:00:00,486]   INFO -  jetbrains.buildServer.CLEANUP - 		Cleaning data from the build-related tables which does not belong to 11 existing builds
[2019-08-18 03:00:00,488]   INFO -  jetbrains.buildServer.CLEANUP - 	Executing afterCleanup extension (2 of 31): jetbrains.buildServer.artifacts.s3.cleanup.S3CleanupExtension
[2019-08-18 03:00:00,488]   INFO -  jetbrains.buildServer.CLEANUP - 	Executing afterCleanup extension (3 of 31): jetbrains.buildServer.serverSide.statistics.diskusage.DiskUsageSListener$PinnedBuildsCollector
[2019-08-18 03:00:00,488]   INFO -  jetbrains.buildServer.CLEANUP - 	Executing afterCleanup extension (4 of 31): jetbrains.buildServer.serverSide.mute.LowLevelProblemMutingServiceImpl$TestMutesCleaner
[2019-08-18 03:00:00,488]   INFO -  jetbrains.buildServer.CLEANUP - 	Executing afterCleanup extension (5 of 31): jetbrains.buildServer.serverSide.impl.cleanup.extensions.ObsoleteFilesCleaner
[2019-08-18 03:00:00,492]   INFO -  jetbrains.buildServer.CLEANUP - Searching for obsolete log files (not used by any build) under build logs directory: /data/teamcity_server/datadir/system/messages
[2019-08-18 03:00:00,492]   INFO -  jetbrains.buildServer.CLEANUP - Cannot find obsolete build log directories in old format
[2019-08-18 03:00:00,492]   INFO -  jetbrains.buildServer.CLEANUP - Searching for obsolete artifact directories (not used by any build) under directories: [/data/teamcity_server/datadir/system/artifacts]
[2019-08-18 03:00:00,493]   INFO -  jetbrains.buildServer.CLEANUP - Removed no obsolete artifact directories (13 processed)
[2019-08-18 03:00:00,493]   INFO -  jetbrains.buildServer.CLEANUP - 	Executing afterCleanup extension (6 of 31): jetbrains.buildServer.serverSide.identifiers.ProjectIdentifiersManagerImpl
[2019-08-18 03:00:00,493]   INFO -  jetbrains.buildServer.CLEANUP - 	Executing afterCleanup extension (7 of 31): jetbrains.buildServer.runner.codeInspection.InspectionDataCleaner
[2019-08-18 03:00:00,494]   INFO -  jetbrains.buildServer.CLEANUP - 	Executing afterCleanup extension (8 of 31): jetbrains.buildServer.serverSide.identifiers.BuildTypeIdentifiersManagerImpl
[2019-08-18 03:00:00,494]   INFO -  jetbrains.buildServer.CLEANUP - 	Executing afterCleanup extension (9 of 31): jetbrains.buildServer.buildTriggers.vcs.clearcase.structure.ClearCaseStructureCache$ClearcaseCacheGeneralDataCleaner
[2019-08-18 03:00:00,494]   INFO -  jetbrains.buildServer.CLEANUP - 	Executing afterCleanup extension (10 of 31): jetbrains.buildServer.serverSide.impl.cleanup.extensions.InvalidHistoryRecordsCleaner
[2019-08-18 03:00:00,494]   INFO -  jetbrains.buildServer.CLEANUP - 	Executing afterCleanup extension (11 of 31): jetbrains.buildServer.diagnostic.ThreadDumpsCleaner
[2019-08-18 03:00:00,494]   INFO -  jetbrains.buildServer.CLEANUP - 	Executing afterCleanup extension (12 of 31): jetbrains.buildServer.serverSide.statistics.impl.BuildDataStorageImpl
[2019-08-18 03:00:00,494]   INFO -  jetbrains.buildServer.CLEANUP - 	Executing afterCleanup extension (13 of 31): jetbrains.buildServer.serverSide.TestName2IndexImpl
[2019-08-18 03:00:00,494]   INFO -  jetbrains.buildServer.CLEANUP - 		Start cleaning unused test names ...
[2019-08-18 03:00:00,495]   INFO -  jetbrains.buildServer.CLEANUP - 	Executing afterCleanup extension (14 of 31): jetbrains.buildServer.serverSide.impl.OldAgentsCleaner
[2019-08-18 03:00:00,495]   INFO -  jetbrains.buildServer.CLEANUP - 	Executing afterCleanup extension (15 of 31): jetbrains.buildServer.serverSide.impl.cleanup.extensions.BuildArtifactsCleaner
[2019-08-18 03:00:00,495]   INFO -  jetbrains.buildServer.CLEANUP - 	Executing afterCleanup extension (16 of 31): jetbrains.buildServer.vcs.impl.VcsModificationsCleaner
[2019-08-18 03:00:00,495]   INFO -  jetbrains.buildServer.CLEANUP - 	Executing afterCleanup extension (17 of 31): jetbrains.buildServer.serverSide.impl.projectSources.PatchCacheImpl
[2019-08-18 03:00:00,496]   INFO -  jetbrains.buildServer.CLEANUP - 	Executing afterCleanup extension (18 of 31): jetbrains.buildServer.serverSide.impl.artifacts.ExternalBuildArtifactsCacheImpl
[2019-08-18 03:00:00,496]   INFO -  jetbrains.buildServer.CLEANUP - 	Executing afterCleanup extension (19 of 31): jetbrains.buildServer.serverSide.stat.TestFailureRateCollector
[2019-08-18 03:00:00,496]   INFO -  jetbrains.buildServer.CLEANUP - 	Executing afterCleanup extension (20 of 31): jetbrains.buildServer.diagnostic.ThreadStatCleaner
[2019-08-18 03:00:00,496]   INFO -  jetbrains.buildServer.CLEANUP - 	Executing afterCleanup extension (21 of 31): jetbrains.buildServer.controllers.login.RememberMe$1
[2019-08-18 03:00:00,496]   INFO -  jetbrains.buildServer.CLEANUP - 	Executing afterCleanup extension (22 of 31): jetbrains.buildServer.users.impl.UserModelImpl
[2019-08-18 03:00:00,496]   INFO -  jetbrains.buildServer.CLEANUP - 	Executing afterCleanup extension (23 of 31): org.jetbrains.teamcity.docker.cleanup.PushedImagesRegistryCleaner
[2019-08-18 03:00:00,496]   INFO -  jetbrains.buildServer.CLEANUP - 	Executing afterCleanup extension (24 of 31): jetbrains.buildServer.serverSide.impl.audit.AuditLogCleanerImpl
[2019-08-18 03:00:00,496]   INFO -  jetbrains.buildServer.CLEANUP - 		Removing audit log records older than 365 days ...
[2019-08-18 03:00:00,498]   INFO -  jetbrains.buildServer.CLEANUP - 		Removing audit log records for obsolete tests ...
[2019-08-18 03:00:00,499]   INFO -  jetbrains.buildServer.CLEANUP - 		Removing audit log records for obsolete builds ...
[2019-08-18 03:00:00,500]   INFO -  jetbrains.buildServer.CLEANUP - 		Finished removing audit log records.
[2019-08-18 03:00:00,500]   INFO -  jetbrains.buildServer.CLEANUP - 	Executing afterCleanup extension (25 of 31): jetbrains.buildServer.serverSide.metadata.impl.metadata.MetadataStorageBean
[2019-08-18 03:00:00,540]   INFO -  jetbrains.buildServer.CLEANUP - 	Executing afterCleanup extension (26 of 31): jetbrains.buildServer.serverSide.impl.versionedSettings.GeneratedSettingsCache
[2019-08-18 03:00:00,540]   INFO -  jetbrains.buildServer.CLEANUP - 	Executing afterCleanup extension (27 of 31): jetbrains.buildServer.serverSide.impl.personal.PersonalBuildCleaner
[2019-08-18 03:00:00,541]   INFO -  jetbrains.buildServer.CLEANUP - 	Executing afterCleanup extension (28 of 31): jetbrains.buildServer.responsibility.impl.ResponsibilityCleanupExtension
[2019-08-18 03:00:00,541]   INFO -  jetbrains.buildServer.CLEANUP - 		Starting cleanup of responsibility entries...
[2019-08-18 03:00:00,541]   INFO -  jetbrains.buildServer.CLEANUP - 		Will delete 0 responsibility entries
[2019-08-18 03:00:00,541]   INFO -  jetbrains.buildServer.CLEANUP - 		Finished cleanup of 0 responsibility entries
[2019-08-18 03:00:00,541]   INFO -  jetbrains.buildServer.CLEANUP - 	Executing afterCleanup extension (29 of 31): jetbrains.buildServer.serverSide.CustomDataStorageManagerImpl
[2019-08-18 03:00:00,541]   INFO -  jetbrains.buildServer.CLEANUP - 	Executing afterCleanup extension (30 of 31): jetbrains.buildServer.duplicator.DuplicatesDataCleaner
[2019-08-18 03:00:00,541]   INFO -  jetbrains.buildServer.CLEANUP - 	Executing afterCleanup extension (31 of 31): jetbrains.buildServer.swabra.serverHealth.SwabraCleanCheckoutWatcherImpl$2
[2019-08-18 03:00:00,542]   INFO -  jetbrains.buildServer.CLEANUP - Finished processing afterCleanup extensions, took 55ms
[2019-08-18 03:00:00,542]   INFO -  jetbrains.buildServer.CLEANUP - Clean-up finished, took < 1s
[2019-08-18 03:00:00,562]   INFO -  jetbrains.buildServer.CLEANUP - Post-cleanup tasks finished, took 19ms
[2019-08-18 03:00:00,562]   INFO -  jetbrains.buildServer.CLEANUP - Lock for the maintenance process released
[2019-08-19 02:00:00,001]   INFO -  jetbrains.buildServer.CLEANUP - Git cleanup started
[2019-08-19 02:00:00,023]   INFO -  jetbrains.buildServer.CLEANUP - Use git at path 'git'
[2019-08-19 02:00:00,023]   INFO -  jetbrains.buildServer.CLEANUP - Git garbage collection started
[2019-08-19 02:00:00,023]   INFO -  jetbrains.buildServer.CLEANUP - [git-A4D3E6C2.git] repository url: 'https://silentua@github.com/silent-ua/GitDevOps03.git'
[2019-08-19 02:00:00,024]   INFO -  jetbrains.buildServer.CLEANUP - [git-A4D3E6C2.git] no git gc is needed
[2019-08-19 02:00:00,024]   INFO -  jetbrains.buildServer.CLEANUP - Git garbage collection finished, it took 22ms
[2019-08-19 02:00:00,024]   INFO -  jetbrains.buildServer.CLEANUP - Git cleanup finished
[2019-08-19 03:00:00,002]   INFO -  jetbrains.buildServer.CLEANUP - Trying to get lock for the maintenance process...
[2019-08-19 03:00:00,002]   INFO -  jetbrains.buildServer.CLEANUP - Lock for the maintenance process obtained
[2019-08-19 03:00:00,003]   INFO -  jetbrains.buildServer.CLEANUP - The next cleanup time is 2019-08-20 03:00:00.000
[2019-08-19 03:00:00,003]   INFO -  jetbrains.buildServer.CLEANUP - Preparing for clean-up...
[2019-08-19 03:00:00,003]   INFO -  jetbrains.buildServer.CLEANUP - Clean-up started...
[2019-08-19 03:00:00,003]   INFO -  jetbrains.buildServer.CLEANUP - Collecting builds depending on other builds by specific build number ...
[2019-08-19 03:00:00,003]   INFO -  jetbrains.buildServer.CLEANUP - Collecting builds depending on other builds by sources or artifacts...
[2019-08-19 03:00:00,004]   INFO -  jetbrains.buildServer.CLEANUP - Done collecting depending builds for each cleanup level
[2019-08-19 03:00:00,004]   INFO -  jetbrains.buildServer.CLEANUP - Collecting builds for cleanup for each cleanup level...
[2019-08-19 03:00:00,004]   INFO -  jetbrains.buildServer.CLEANUP - Collected builds for 1 build configurations
[2019-08-19 03:00:00,005]   INFO -  jetbrains.buildServer.CLEANUP - Start compacting HSQL database...
[2019-08-19 03:00:00,410]   INFO -  jetbrains.buildServer.CLEANUP - Compacting HSQL database finished
[2019-08-19 03:00:00,439]   INFO -  jetbrains.buildServer.CLEANUP - Start processing 31 afterCleanup extensions
[2019-08-19 03:00:00,439]   INFO -  jetbrains.buildServer.CLEANUP - 	Executing afterCleanup extension (1 of 31): jetbrains.buildServer.serverSide.impl.cleanup.extensions.BackgroundBuildDataCleanerImpl
[2019-08-19 03:00:00,439]   INFO -  jetbrains.buildServer.CLEANUP - 		Cleaning data from the build-related tables which does not belong to 11 existing builds
[2019-08-19 03:00:00,440]   INFO -  jetbrains.buildServer.CLEANUP - 	Executing afterCleanup extension (2 of 31): jetbrains.buildServer.artifacts.s3.cleanup.S3CleanupExtension
[2019-08-19 03:00:00,441]   INFO -  jetbrains.buildServer.CLEANUP - 	Executing afterCleanup extension (3 of 31): jetbrains.buildServer.serverSide.statistics.diskusage.DiskUsageSListener$PinnedBuildsCollector
[2019-08-19 03:00:00,441]   INFO -  jetbrains.buildServer.CLEANUP - 	Executing afterCleanup extension (4 of 31): jetbrains.buildServer.serverSide.mute.LowLevelProblemMutingServiceImpl$TestMutesCleaner
[2019-08-19 03:00:00,441]   INFO -  jetbrains.buildServer.CLEANUP - 	Executing afterCleanup extension (5 of 31): jetbrains.buildServer.serverSide.impl.cleanup.extensions.ObsoleteFilesCleaner
[2019-08-19 03:00:00,441]   INFO -  jetbrains.buildServer.CLEANUP - 	Executing afterCleanup extension (6 of 31): jetbrains.buildServer.serverSide.identifiers.ProjectIdentifiersManagerImpl
[2019-08-19 03:00:00,441]   INFO -  jetbrains.buildServer.CLEANUP - 	Executing afterCleanup extension (7 of 31): jetbrains.buildServer.runner.codeInspection.InspectionDataCleaner
[2019-08-19 03:00:00,441]   INFO -  jetbrains.buildServer.CLEANUP - 	Executing afterCleanup extension (8 of 31): jetbrains.buildServer.serverSide.identifiers.BuildTypeIdentifiersManagerImpl
[2019-08-19 03:00:00,441]   INFO -  jetbrains.buildServer.CLEANUP - 	Executing afterCleanup extension (9 of 31): jetbrains.buildServer.buildTriggers.vcs.clearcase.structure.ClearCaseStructureCache$ClearcaseCacheGeneralDataCleaner
[2019-08-19 03:00:00,441]   INFO -  jetbrains.buildServer.CLEANUP - 	Executing afterCleanup extension (10 of 31): jetbrains.buildServer.serverSide.impl.cleanup.extensions.InvalidHistoryRecordsCleaner
[2019-08-19 03:00:00,441]   INFO -  jetbrains.buildServer.CLEANUP - 	Executing afterCleanup extension (11 of 31): jetbrains.buildServer.diagnostic.ThreadDumpsCleaner
[2019-08-19 03:00:00,442]   INFO -  jetbrains.buildServer.CLEANUP - 	Executing afterCleanup extension (12 of 31): jetbrains.buildServer.serverSide.statistics.impl.BuildDataStorageImpl
[2019-08-19 03:00:00,442]   INFO -  jetbrains.buildServer.CLEANUP - 	Executing afterCleanup extension (13 of 31): jetbrains.buildServer.serverSide.TestName2IndexImpl
[2019-08-19 03:00:00,442]   INFO -  jetbrains.buildServer.CLEANUP - 		Start cleaning unused test names ...
[2019-08-19 03:00:00,442]   INFO -  jetbrains.buildServer.CLEANUP - 	Executing afterCleanup extension (14 of 31): jetbrains.buildServer.serverSide.impl.OldAgentsCleaner
[2019-08-19 03:00:00,442]   INFO -  jetbrains.buildServer.CLEANUP - 	Executing afterCleanup extension (15 of 31): jetbrains.buildServer.serverSide.impl.cleanup.extensions.BuildArtifactsCleaner
[2019-08-19 03:00:00,442]   INFO -  jetbrains.buildServer.CLEANUP - 	Executing afterCleanup extension (16 of 31): jetbrains.buildServer.vcs.impl.VcsModificationsCleaner
[2019-08-19 03:00:00,442]   INFO -  jetbrains.buildServer.CLEANUP - 	Executing afterCleanup extension (17 of 31): jetbrains.buildServer.serverSide.impl.projectSources.PatchCacheImpl
[2019-08-19 03:00:00,443]   INFO -  jetbrains.buildServer.CLEANUP - 	Executing afterCleanup extension (18 of 31): jetbrains.buildServer.serverSide.impl.artifacts.ExternalBuildArtifactsCacheImpl
[2019-08-19 03:00:00,444]   INFO -  jetbrains.buildServer.CLEANUP - 	Executing afterCleanup extension (19 of 31): jetbrains.buildServer.serverSide.stat.TestFailureRateCollector
[2019-08-19 03:00:00,444]   INFO -  jetbrains.buildServer.CLEANUP - 	Executing afterCleanup extension (20 of 31): jetbrains.buildServer.diagnostic.ThreadStatCleaner
[2019-08-19 03:00:00,444]   INFO -  jetbrains.buildServer.CLEANUP - 	Executing afterCleanup extension (21 of 31): jetbrains.buildServer.controllers.login.RememberMe$1
[2019-08-19 03:00:00,444]   INFO -  jetbrains.buildServer.CLEANUP - 	Executing afterCleanup extension (22 of 31): jetbrains.buildServer.users.impl.UserModelImpl
[2019-08-19 03:00:00,444]   INFO -  jetbrains.buildServer.CLEANUP - 	Executing afterCleanup extension (23 of 31): org.jetbrains.teamcity.docker.cleanup.PushedImagesRegistryCleaner
[2019-08-19 03:00:00,444]   INFO -  jetbrains.buildServer.CLEANUP - 	Executing afterCleanup extension (24 of 31): jetbrains.buildServer.serverSide.impl.audit.AuditLogCleanerImpl
[2019-08-19 03:00:00,444]   INFO -  jetbrains.buildServer.CLEANUP - 		Removing audit log records older than 365 days ...
[2019-08-19 03:00:00,446]   INFO -  jetbrains.buildServer.CLEANUP - 		Removing audit log records for obsolete tests ...
[2019-08-19 03:00:00,446]   INFO -  jetbrains.buildServer.CLEANUP - 		Removing audit log records for obsolete builds ...
[2019-08-19 03:00:00,449]   INFO -  jetbrains.buildServer.CLEANUP - 		Finished removing audit log records.
[2019-08-19 03:00:00,449]   INFO -  jetbrains.buildServer.CLEANUP - 	Executing afterCleanup extension (25 of 31): jetbrains.buildServer.serverSide.metadata.impl.metadata.MetadataStorageBean
[2019-08-19 03:00:00,462]   INFO -  jetbrains.buildServer.CLEANUP - Searching for obsolete log files (not used by any build) under build logs directory: /data/teamcity_server/datadir/system/messages
[2019-08-19 03:00:00,462]   INFO -  jetbrains.buildServer.CLEANUP - Cannot find obsolete build log directories in old format
[2019-08-19 03:00:00,463]   INFO -  jetbrains.buildServer.CLEANUP - Searching for obsolete artifact directories (not used by any build) under directories: [/data/teamcity_server/datadir/system/artifacts]
[2019-08-19 03:00:00,464]   INFO -  jetbrains.buildServer.CLEANUP - Removed no obsolete artifact directories (13 processed)
[2019-08-19 03:00:00,499]   INFO -  jetbrains.buildServer.CLEANUP - 	Executing afterCleanup extension (26 of 31): jetbrains.buildServer.serverSide.impl.versionedSettings.GeneratedSettingsCache
[2019-08-19 03:00:00,499]   INFO -  jetbrains.buildServer.CLEANUP - 	Executing afterCleanup extension (27 of 31): jetbrains.buildServer.serverSide.impl.personal.PersonalBuildCleaner
[2019-08-19 03:00:00,502]   INFO -  jetbrains.buildServer.CLEANUP - 	Executing afterCleanup extension (28 of 31): jetbrains.buildServer.responsibility.impl.ResponsibilityCleanupExtension
[2019-08-19 03:00:00,502]   INFO -  jetbrains.buildServer.CLEANUP - 		Starting cleanup of responsibility entries...
[2019-08-19 03:00:00,502]   INFO -  jetbrains.buildServer.CLEANUP - 		Will delete 0 responsibility entries
[2019-08-19 03:00:00,502]   INFO -  jetbrains.buildServer.CLEANUP - 		Finished cleanup of 0 responsibility entries
[2019-08-19 03:00:00,502]   INFO -  jetbrains.buildServer.CLEANUP - 	Executing afterCleanup extension (29 of 31): jetbrains.buildServer.serverSide.CustomDataStorageManagerImpl
[2019-08-19 03:00:00,502]   INFO -  jetbrains.buildServer.CLEANUP - 	Executing afterCleanup extension (30 of 31): jetbrains.buildServer.duplicator.DuplicatesDataCleaner
[2019-08-19 03:00:00,502]   INFO -  jetbrains.buildServer.CLEANUP - 	Executing afterCleanup extension (31 of 31): jetbrains.buildServer.swabra.serverHealth.SwabraCleanCheckoutWatcherImpl$2
[2019-08-19 03:00:00,502]   INFO -  jetbrains.buildServer.CLEANUP - Finished processing afterCleanup extensions, took 63ms
[2019-08-19 03:00:00,503]   INFO -  jetbrains.buildServer.CLEANUP - Clean-up finished, took < 1s
[2019-08-19 03:00:00,504]   INFO -  jetbrains.buildServer.CLEANUP - Post-cleanup tasks finished, took < 1ms
[2019-08-19 03:00:00,504]   INFO -  jetbrains.buildServer.CLEANUP - Lock for the maintenance process released
[2019-08-19 13:27:36,661]   INFO -  jetbrains.buildServer.CLEANUP - Fixed location of build artifacts directory: moved "/data/teamcity_server/datadir/system/artifacts/GitDevOps03/TC-Build/21" under "/data/teamcity_server/datadir/system/artifacts/GitDevOps03/GitDevOps03-Build"
[2019-08-19 13:27:36,662]   INFO -  jetbrains.buildServer.CLEANUP - Fixed location of build artifacts directory: moved "/data/teamcity_server/datadir/system/artifacts/GitDevOps03/TC-Build/19" under "/data/teamcity_server/datadir/system/artifacts/GitDevOps03/GitDevOps03-Build"
[2019-08-19 13:27:36,663]   INFO -  jetbrains.buildServer.CLEANUP - Fixed location of build artifacts directory: moved "/data/teamcity_server/datadir/system/artifacts/GitDevOps03/TC-Build/17" under "/data/teamcity_server/datadir/system/artifacts/GitDevOps03/GitDevOps03-Build"
[2019-08-19 13:27:36,665]   INFO -  jetbrains.buildServer.CLEANUP - Fixed location of build artifacts directory: moved "/data/teamcity_server/datadir/system/artifacts/GitDevOps03/TC-Build/11" under "/data/teamcity_server/datadir/system/artifacts/GitDevOps03/GitDevOps03-Build"
[2019-08-19 13:27:36,666]   INFO -  jetbrains.buildServer.CLEANUP - Fixed location of build artifacts directory: moved "/data/teamcity_server/datadir/system/artifacts/GitDevOps03/TC-Build/20" under "/data/teamcity_server/datadir/system/artifacts/GitDevOps03/GitDevOps03-Build"
[2019-08-19 13:27:36,667]   INFO -  jetbrains.buildServer.CLEANUP - Fixed location of build artifacts directory: moved "/data/teamcity_server/datadir/system/artifacts/GitDevOps03/TC-Build/18" under "/data/teamcity_server/datadir/system/artifacts/GitDevOps03/GitDevOps03-Build"
[2019-08-19 13:27:36,667]   INFO -  jetbrains.buildServer.CLEANUP - Fixed location of build artifacts directory: moved "/data/teamcity_server/datadir/system/artifacts/GitDevOps03/TC-Build/6" under "/data/teamcity_server/datadir/system/artifacts/GitDevOps03/GitDevOps03-Build"
[2019-08-19 13:27:36,669]   INFO -  jetbrains.buildServer.CLEANUP - Fixed location of build artifacts directory: moved "/data/teamcity_server/datadir/system/artifacts/GitDevOps03/TC-Build/5" under "/data/teamcity_server/datadir/system/artifacts/GitDevOps03/GitDevOps03-Build"
[2019-08-19 13:27:36,670]   INFO -  jetbrains.buildServer.CLEANUP - Fixed location of build artifacts directory: moved "/data/teamcity_server/datadir/system/artifacts/GitDevOps03/TC-Build/1" under "/data/teamcity_server/datadir/system/artifacts/GitDevOps03/GitDevOps03-Build"
[2019-08-19 13:27:36,671]   INFO -  jetbrains.buildServer.CLEANUP - Fixed location of build artifacts directory: moved "/data/teamcity_server/datadir/system/artifacts/GitDevOps03/TC-Build/3" under "/data/teamcity_server/datadir/system/artifacts/GitDevOps03/GitDevOps03-Build"
[2019-08-19 13:27:36,672]   INFO -  jetbrains.buildServer.CLEANUP - Fixed location of build artifacts directory: moved "/data/teamcity_server/datadir/system/artifacts/GitDevOps03/TC-Build/12" under "/data/teamcity_server/datadir/system/artifacts/GitDevOps03/GitDevOps03-Build"
[2019-08-19 13:27:36,674]   INFO -  jetbrains.buildServer.CLEANUP - Fixed location of build artifacts directory: moved "/data/teamcity_server/datadir/system/artifacts/GitDevOps03/TC-Build/14" under "/data/teamcity_server/datadir/system/artifacts/GitDevOps03/GitDevOps03-Build"
[2019-08-19 13:27:36,675]   INFO -  jetbrains.buildServer.CLEANUP - Fixed location of build artifacts directory: moved "/data/teamcity_server/datadir/system/artifacts/GitDevOps03/TC-Build/8" under "/data/teamcity_server/datadir/system/artifacts/GitDevOps03/GitDevOps03-Build"
[2019-08-19 13:27:36,676]   INFO -  jetbrains.buildServer.CLEANUP - Fixed location of build artifacts directory: moved "/data/teamcity_server/datadir/system/artifacts/GitDevOps03/TC-Build/2" under "/data/teamcity_server/datadir/system/artifacts/GitDevOps03/GitDevOps03-Build"
[2019-08-19 13:27:36,677]   INFO -  jetbrains.buildServer.CLEANUP - Fixed location of build artifacts directory: moved "/data/teamcity_server/datadir/system/artifacts/GitDevOps03/TC-Build/15" under "/data/teamcity_server/datadir/system/artifacts/GitDevOps03/GitDevOps03-Build"
[2019-08-19 13:27:36,678]   INFO -  jetbrains.buildServer.CLEANUP - Fixed location of build artifacts directory: moved "/data/teamcity_server/datadir/system/artifacts/GitDevOps03/TC-Build/16" under "/data/teamcity_server/datadir/system/artifacts/GitDevOps03/GitDevOps03-Build"
[2019-08-19 13:27:36,679]   INFO -  jetbrains.buildServer.CLEANUP - Fixed location of build artifacts directory: moved "/data/teamcity_server/datadir/system/artifacts/GitDevOps03/TC-Build/9" under "/data/teamcity_server/datadir/system/artifacts/GitDevOps03/GitDevOps03-Build"
[2019-08-19 13:27:36,680]   INFO -  jetbrains.buildServer.CLEANUP - Fixed location of build artifacts directory: moved "/data/teamcity_server/datadir/system/artifacts/GitDevOps03/TC-Build/10" under "/data/teamcity_server/datadir/system/artifacts/GitDevOps03/GitDevOps03-Build"
[2019-08-19 13:27:36,681]   INFO -  jetbrains.buildServer.CLEANUP - Fixed location of build artifacts directory: moved "/data/teamcity_server/datadir/system/artifacts/GitDevOps03/TC-Build/7" under "/data/teamcity_server/datadir/system/artifacts/GitDevOps03/GitDevOps03-Build"
[2019-08-19 13:27:36,682]   INFO -  jetbrains.buildServer.CLEANUP - Fixed location of build artifacts directory: moved "/data/teamcity_server/datadir/system/artifacts/GitDevOps03/TC-Build/4" under "/data/teamcity_server/datadir/system/artifacts/GitDevOps03/GitDevOps03-Build"
[2019-08-19 13:27:36,683]   INFO -  jetbrains.buildServer.CLEANUP - Fixed location of build artifacts directory: moved "/data/teamcity_server/datadir/system/artifacts/GitDevOps03/TC-Build/13" under "/data/teamcity_server/datadir/system/artifacts/GitDevOps03/GitDevOps03-Build"
[2019-08-19 13:27:45,950]   INFO -  jetbrains.buildServer.CLEANUP - Fixed location of build artifacts directory: moved "/data/teamcity_server/datadir/system/artifacts/GitDevOps03/GitDevOps03-Build/21" under "/data/teamcity_server/datadir/system/artifacts/GitDevOps03/GitDevOps03"
[2019-08-19 13:27:45,953]   INFO -  jetbrains.buildServer.CLEANUP - Fixed location of build artifacts directory: moved "/data/teamcity_server/datadir/system/artifacts/GitDevOps03/GitDevOps03-Build/19" under "/data/teamcity_server/datadir/system/artifacts/GitDevOps03/GitDevOps03"
[2019-08-19 13:27:45,954]   INFO -  jetbrains.buildServer.CLEANUP - Fixed location of build artifacts directory: moved "/data/teamcity_server/datadir/system/artifacts/GitDevOps03/GitDevOps03-Build/17" under "/data/teamcity_server/datadir/system/artifacts/GitDevOps03/GitDevOps03"
[2019-08-19 13:27:45,955]   INFO -  jetbrains.buildServer.CLEANUP - Fixed location of build artifacts directory: moved "/data/teamcity_server/datadir/system/artifacts/GitDevOps03/GitDevOps03-Build/11" under "/data/teamcity_server/datadir/system/artifacts/GitDevOps03/GitDevOps03"
[2019-08-19 13:27:45,955]   INFO -  jetbrains.buildServer.CLEANUP - Fixed location of build artifacts directory: moved "/data/teamcity_server/datadir/system/artifacts/GitDevOps03/GitDevOps03-Build/20" under "/data/teamcity_server/datadir/system/artifacts/GitDevOps03/GitDevOps03"
[2019-08-19 13:27:45,958]   INFO -  jetbrains.buildServer.CLEANUP - Fixed location of build artifacts directory: moved "/data/teamcity_server/datadir/system/artifacts/GitDevOps03/GitDevOps03-Build/18" under "/data/teamcity_server/datadir/system/artifacts/GitDevOps03/GitDevOps03"
[2019-08-19 13:27:45,959]   INFO -  jetbrains.buildServer.CLEANUP - Fixed location of build artifacts directory: moved "/data/teamcity_server/datadir/system/artifacts/GitDevOps03/GitDevOps03-Build/6" under "/data/teamcity_server/datadir/system/artifacts/GitDevOps03/GitDevOps03"
[2019-08-19 13:27:45,959]   INFO -  jetbrains.buildServer.CLEANUP - Fixed location of build artifacts directory: moved "/data/teamcity_server/datadir/system/artifacts/GitDevOps03/GitDevOps03-Build/5" under "/data/teamcity_server/datadir/system/artifacts/GitDevOps03/GitDevOps03"
[2019-08-19 13:27:45,960]   INFO -  jetbrains.buildServer.CLEANUP - Fixed location of build artifacts directory: moved "/data/teamcity_server/datadir/system/artifacts/GitDevOps03/GitDevOps03-Build/1" under "/data/teamcity_server/datadir/system/artifacts/GitDevOps03/GitDevOps03"
[2019-08-19 13:27:45,961]   INFO -  jetbrains.buildServer.CLEANUP - Fixed location of build artifacts directory: moved "/data/teamcity_server/datadir/system/artifacts/GitDevOps03/GitDevOps03-Build/3" under "/data/teamcity_server/datadir/system/artifacts/GitDevOps03/GitDevOps03"
[2019-08-19 13:27:45,961]   INFO -  jetbrains.buildServer.CLEANUP - Fixed location of build artifacts directory: moved "/data/teamcity_server/datadir/system/artifacts/GitDevOps03/GitDevOps03-Build/12" under "/data/teamcity_server/datadir/system/artifacts/GitDevOps03/GitDevOps03"
[2019-08-19 13:27:45,962]   INFO -  jetbrains.buildServer.CLEANUP - Fixed location of build artifacts directory: moved "/data/teamcity_server/datadir/system/artifacts/GitDevOps03/GitDevOps03-Build/14" under "/data/teamcity_server/datadir/system/artifacts/GitDevOps03/GitDevOps03"
[2019-08-19 13:27:45,963]   INFO -  jetbrains.buildServer.CLEANUP - Fixed location of build artifacts directory: moved "/data/teamcity_server/datadir/system/artifacts/GitDevOps03/GitDevOps03-Build/8" under "/data/teamcity_server/datadir/system/artifacts/GitDevOps03/GitDevOps03"
[2019-08-19 13:27:45,963]   INFO -  jetbrains.buildServer.CLEANUP - Fixed location of build artifacts directory: moved "/data/teamcity_server/datadir/system/artifacts/GitDevOps03/GitDevOps03-Build/2" under "/data/teamcity_server/datadir/system/artifacts/GitDevOps03/GitDevOps03"
[2019-08-19 13:27:45,964]   INFO -  jetbrains.buildServer.CLEANUP - Fixed location of build artifacts directory: moved "/data/teamcity_server/datadir/system/artifacts/GitDevOps03/GitDevOps03-Build/15" under "/data/teamcity_server/datadir/system/artifacts/GitDevOps03/GitDevOps03"
[2019-08-19 13:27:45,965]   INFO -  jetbrains.buildServer.CLEANUP - Fixed location of build artifacts directory: moved "/data/teamcity_server/datadir/system/artifacts/GitDevOps03/GitDevOps03-Build/16" under "/data/teamcity_server/datadir/system/artifacts/GitDevOps03/GitDevOps03"
[2019-08-19 13:27:45,965]   INFO -  jetbrains.buildServer.CLEANUP - Fixed location of build artifacts directory: moved "/data/teamcity_server/datadir/system/artifacts/GitDevOps03/GitDevOps03-Build/9" under "/data/teamcity_server/datadir/system/artifacts/GitDevOps03/GitDevOps03"
[2019-08-19 13:27:45,966]   INFO -  jetbrains.buildServer.CLEANUP - Fixed location of build artifacts directory: moved "/data/teamcity_server/datadir/system/artifacts/GitDevOps03/GitDevOps03-Build/10" under "/data/teamcity_server/datadir/system/artifacts/GitDevOps03/GitDevOps03"
[2019-08-19 13:27:45,967]   INFO -  jetbrains.buildServer.CLEANUP - Fixed location of build artifacts directory: moved "/data/teamcity_server/datadir/system/artifacts/GitDevOps03/GitDevOps03-Build/7" under "/data/teamcity_server/datadir/system/artifacts/GitDevOps03/GitDevOps03"
[2019-08-19 13:27:45,967]   INFO -  jetbrains.buildServer.CLEANUP - Fixed location of build artifacts directory: moved "/data/teamcity_server/datadir/system/artifacts/GitDevOps03/GitDevOps03-Build/4" under "/data/teamcity_server/datadir/system/artifacts/GitDevOps03/GitDevOps03"
[2019-08-19 13:27:45,968]   INFO -  jetbrains.buildServer.CLEANUP - Fixed location of build artifacts directory: moved "/data/teamcity_server/datadir/system/artifacts/GitDevOps03/GitDevOps03-Build/13" under "/data/teamcity_server/datadir/system/artifacts/GitDevOps03/GitDevOps03"
