[2019-08-16 11:15:34,435]   INFO [ssing plugins 2] - ache.fs.impl.MirrorManagerImpl - No mapping file found at /data/teamcity_server/datadir/system/caches/svn/map, create a new one
[2019-08-16 11:15:34,436]   INFO [ssing plugins 2] - ache.fs.impl.MirrorManagerImpl - Restore mapping from existing repositories
[2019-08-16 11:15:34,437]   INFO [ssing plugins 2] - ache.fs.impl.MirrorManagerImpl - No existing repositories found
[2019-08-16 11:15:35,378]   INFO [ssing plugins 2] -      jetbrains.buildServer.VCS - Server-wide hg path is not set, will use path from the VCS root settings
[2019-08-16 11:15:50,668]   INFO [ssing plugins 3] - gers.vcs.git.MirrorManagerImpl - No mapping file found at /data/teamcity_server/datadir/system/caches/git/map, create a new one
[2019-08-16 11:15:50,678]   INFO [ssing plugins 3] - gers.vcs.git.MirrorManagerImpl - Restore mapping from existing repositories
[2019-08-16 11:15:50,679]   INFO [ssing plugins 3] - gers.vcs.git.MirrorManagerImpl - No existing repositories found
[2019-08-16 11:16:17,316]   INFO [ti node tasks 1] -      jetbrains.buildServer.VCS - Accepted the periodical checking for changes task
[2019-08-16 11:24:26,464]   WARN [nio-8111-exec-4] -      jetbrains.buildServer.VCS - 'hg --config ui.interactive=False identify https://silentua:******@github.com/silent-ua/GitDevOps03.git' command failed.real URL is https://github.com/silent-ua/GitDevOps03
abort: 'https://github.com/silent-ua/GitDevOps03' does not appear to be an hg repository:
---%<--- (text/html; charset=utf-8)






<!DOCTYPE html>
<html lang="en">
  <head>
    <meta charset="utf-8">
  <link rel="dns-prefetch" href="https://github.githubassets.com">
  <link rel="dns-prefetch" href="https://avatars0.githubusercontent.com">
  <link rel="dns-prefetch" href="https://avatars1.githubusercontent.com">
  <link rel="dns-prefetch" href="https://avatars2.githubusercontent.com">
  <link rel="dns-prefetch" href="https://avatars3.githubusercontent.com">
  <link rel="dns-prefetch" href="https://github-cloud.s3.amazonaws.com">
  <link rel="dns-prefetch" href="https://user-images.githubusercontent.com/">



  <link crossorigin="anonymous" media="all" integrity="sha512-UDS3MR1FfvqHmqZAs2MWSDCWPwLemVRLqCwld4/zfwH0vhv7I6RYmDnMnNAVQKP1YYvqnccOCH4iOhFaUUyrjw==" rel="stylesheet" href="https://github.githubassets.com/assets/frameworks-2e9090135c22aad5f56c2f72dcba7880.css" />
  <link crossorigin="anonymous" media="all" integrity="sha512-p4eUPemTc/4dlxCrmhH7lQDBSMyxvSF/8JUgk1+wawzib+okmfn1cNuyiRp9pfB76zPitgclXdaPUJivU2s/aw==" rel="styleshee
---%<---
!

[2019-08-16 11:46:36,820]   WARN [nio-8111-exec-2] -      jetbrains.buildServer.VCS - 'hg --config ui.interactive=False identify https://silentua:******@github.com/silent-ua/GitDevOps03.git' command failed.real URL is https://github.com/silent-ua/GitDevOps03
abort: 'https://github.com/silent-ua/GitDevOps03' does not appear to be an hg repository:
---%<--- (text/html; charset=utf-8)






<!DOCTYPE html>
<html lang="en">
  <head>
    <meta charset="utf-8">
  <link rel="dns-prefetch" href="https://github.githubassets.com">
  <link rel="dns-prefetch" href="https://avatars0.githubusercontent.com">
  <link rel="dns-prefetch" href="https://avatars1.githubusercontent.com">
  <link rel="dns-prefetch" href="https://avatars2.githubusercontent.com">
  <link rel="dns-prefetch" href="https://avatars3.githubusercontent.com">
  <link rel="dns-prefetch" href="https://github-cloud.s3.amazonaws.com">
  <link rel="dns-prefetch" href="https://user-images.githubusercontent.com/">



  <link crossorigin="anonymous" media="all" integrity="sha512-UDS3MR1FfvqHmqZAs2MWSDCWPwLemVRLqCwld4/zfwH0vhv7I6RYmDnMnNAVQKP1YYvqnccOCH4iOhFaUUyrjw==" rel="stylesheet" href="https://github.githubassets.com/assets/frameworks-2e9090135c22aad5f56c2f72dcba7880.css" />
  <link crossorigin="anonymous" media="all" integrity="sha512-p4eUPemTc/4dlxCrmhH7lQDBSMyxvSF/8JUgk1+wawzib+okmfn1cNuyiRp9pfB76zPitgclXdaPUJivU2s/aw==" rel="styleshee
---%<---
!

[2019-08-16 11:46:56,721]   WARN [nio-8111-exec-6] -      jetbrains.buildServer.VCS - 'hg --config ui.interactive=False identify https://silentua:******@github.com/silent-ua/GitDevOps03.git' command failed.real URL is https://github.com/silent-ua/GitDevOps03
abort: 'https://github.com/silent-ua/GitDevOps03' does not appear to be an hg repository:
---%<--- (text/html; charset=utf-8)






<!DOCTYPE html>
<html lang="en">
  <head>
    <meta charset="utf-8">
  <link rel="dns-prefetch" href="https://github.githubassets.com">
  <link rel="dns-prefetch" href="https://avatars0.githubusercontent.com">
  <link rel="dns-prefetch" href="https://avatars1.githubusercontent.com">
  <link rel="dns-prefetch" href="https://avatars2.githubusercontent.com">
  <link rel="dns-prefetch" href="https://avatars3.githubusercontent.com">
  <link rel="dns-prefetch" href="https://github-cloud.s3.amazonaws.com">
  <link rel="dns-prefetch" href="https://user-images.githubusercontent.com/">



  <link crossorigin="anonymous" media="all" integrity="sha512-UDS3MR1FfvqHmqZAs2MWSDCWPwLemVRLqCwld4/zfwH0vhv7I6RYmDnMnNAVQKP1YYvqnccOCH4iOhFaUUyrjw==" rel="stylesheet" href="https://github.githubassets.com/assets/frameworks-2e9090135c22aad5f56c2f72dcba7880.css" />
  <link crossorigin="anonymous" media="all" integrity="sha512-p4eUPemTc/4dlxCrmhH7lQDBSMyxvSF/8JUgk1+wawzib+okmfn1cNuyiRp9pfB76zPitgclXdaPUJivU2s/aw==" rel="styleshee
---%<---
!

[2019-08-16 13:49:30,810]   INFO [ti node tasks 1] -      jetbrains.buildServer.VCS - Accepted the checking for changes task for build promotion: Build promotion {promotion id=1, configuration={id=GitDevOps03_TcBuild, internal id=bt1}}
